\BOOKMARK [1][-]{section.1}{Introduction}{}% 1
\BOOKMARK [1][-]{section.2}{Requirements Document}{}% 2
\BOOKMARK [2][-]{subsection.2.1}{Original Document}{section.2}% 3
\BOOKMARK [3][-]{subsubsection.2.1.1}{Introduction}{subsection.2.1}% 4
\BOOKMARK [4][-]{threesection.2.1.1.1}{Purpose}{subsubsection.2.1.1}% 5
\BOOKMARK [4][-]{threesection.2.1.1.2}{Scope}{subsubsection.2.1.1}% 6
\BOOKMARK [4][-]{threesection.2.1.1.3}{Definitions}{subsubsection.2.1.1}% 7
\BOOKMARK [4][-]{threesection.2.1.1.4}{Gantt Chart}{subsubsection.2.1.1}% 8
\BOOKMARK [4][-]{threesection.2.1.1.5}{Overview}{subsubsection.2.1.1}% 9
\BOOKMARK [3][-]{subsubsection.2.1.2}{Overall Description}{subsection.2.1}% 10
\BOOKMARK [4][-]{threesection.2.1.2.1}{Product Perspective}{subsubsection.2.1.2}% 11
\BOOKMARK [4][-]{threesection.2.1.2.2}{Product Functions}{subsubsection.2.1.2}% 12
\BOOKMARK [4][-]{threesection.2.1.2.3}{User Characteristics}{subsubsection.2.1.2}% 13
\BOOKMARK [4][-]{threesection.2.1.2.4}{Constraints}{subsubsection.2.1.2}% 14
\BOOKMARK [4][-]{threesection.2.1.2.5}{Assumptions and Dependencies}{subsubsection.2.1.2}% 15
\BOOKMARK [3][-]{subsubsection.2.1.3}{Specific Requirements}{subsection.2.1}% 16
\BOOKMARK [4][-]{threesection.2.1.3.1}{External Interfaces}{subsubsection.2.1.3}% 17
\BOOKMARK [5][-]{foursection.2.1.3.1.1}{User Interfaces}{threesection.2.1.3.1}% 18
\BOOKMARK [5][-]{foursection.2.1.3.1.2}{Hardware Interfaces}{threesection.2.1.3.1}% 19
\BOOKMARK [5][-]{foursection.2.1.3.1.3}{Software Interfaces}{threesection.2.1.3.1}% 20
\BOOKMARK [4][-]{threesection.2.1.3.2}{System Features}{subsubsection.2.1.3}% 21
\BOOKMARK [4][-]{threesection.2.1.3.3}{Performance requirements}{subsubsection.2.1.3}% 22
\BOOKMARK [4][-]{threesection.2.1.3.4}{Software System Attributes}{subsubsection.2.1.3}% 23
\BOOKMARK [3][-]{subsubsection.2.1.4}{Appendix}{subsection.2.1}% 24
\BOOKMARK [2][-]{subsection.2.2}{Amendments}{section.2}% 25
\BOOKMARK [2][-]{subsection.2.3}{Gantt Chart}{section.2}% 26
\BOOKMARK [3][-]{threesection.2.3.0.1}{Gantt Chart}{subsection.2.3}% 27
\BOOKMARK [1][-]{section.3}{Design Document}{}% 28
\BOOKMARK [2][-]{subsection.3.1}{Original Document}{section.3}% 29
\BOOKMARK [3][-]{subsubsection.3.1.1}{Introduction}{subsection.3.1}% 30
\BOOKMARK [4][-]{threesection.3.1.1.1}{Purpose}{subsubsection.3.1.1}% 31
\BOOKMARK [4][-]{threesection.3.1.1.2}{Scope}{subsubsection.3.1.1}% 32
\BOOKMARK [4][-]{threesection.3.1.1.3}{Intended Audience}{subsubsection.3.1.1}% 33
\BOOKMARK [3][-]{subsubsection.3.1.2}{Glossary}{subsection.3.1}% 34
\BOOKMARK [3][-]{subsubsection.3.1.3}{Stakeholders}{subsection.3.1}% 35
\BOOKMARK [4][-]{threesection.3.1.3.1}{Dr. Mike Bailey}{subsubsection.3.1.3}% 36
\BOOKMARK [4][-]{threesection.3.1.3.2}{Dr. Kirsten Winters}{subsubsection.3.1.3}% 37
\BOOKMARK [4][-]{threesection.3.1.3.3}{Intel}{subsubsection.3.1.3}% 38
\BOOKMARK [4][-]{threesection.3.1.3.4}{Development Team}{subsubsection.3.1.3}% 39
\BOOKMARK [3][-]{subsubsection.3.1.4}{Design Views}{subsection.3.1}% 40
\BOOKMARK [4][-]{threesection.3.1.4.1}{Components of the Voxel State}{subsubsection.3.1.4}% 41
\BOOKMARK [5][-]{foursection.3.1.4.1.1}{The Data Buffer}{threesection.3.1.4.1}% 42
\BOOKMARK [5][-]{foursection.3.1.4.1.2}{Node}{threesection.3.1.4.1}% 43
\BOOKMARK [5][-]{foursection.3.1.4.1.3}{The Head Buffer}{threesection.3.1.4.1}% 44
\BOOKMARK [5][-]{foursection.3.1.4.1.4}{The Heap Buffer}{threesection.3.1.4.1}% 45
\BOOKMARK [4][-]{threesection.3.1.4.2}{Components of the graphics engine \(Yggdrasil\)}{subsubsection.3.1.4}% 46
\BOOKMARK [5][-]{foursection.3.1.4.2.1}{The Data Buffer}{threesection.3.1.4.2}% 47
\BOOKMARK [5][-]{foursection.3.1.4.2.2}{The Head Buffer}{threesection.3.1.4.2}% 48
\BOOKMARK [5][-]{foursection.3.1.4.2.3}{The Heap Buffer}{threesection.3.1.4.2}% 49
\BOOKMARK [5][-]{foursection.3.1.4.2.4}{The Tool Executer}{threesection.3.1.4.2}% 50
\BOOKMARK [5][-]{foursection.3.1.4.2.5}{The Renderer}{threesection.3.1.4.2}% 51
\BOOKMARK [5][-]{foursection.3.1.4.2.6}{The Memory Manager}{threesection.3.1.4.2}% 52
\BOOKMARK [4][-]{threesection.3.1.4.3}{Interactions between the hardware and the Interchange}{subsubsection.3.1.4}% 53
\BOOKMARK [5][-]{foursection.3.1.4.3.1}{Design Entities}{threesection.3.1.4.3}% 54
\BOOKMARK [5][-]{foursection.3.1.4.3.2}{Design}{threesection.3.1.4.3}% 55
\BOOKMARK [4][-]{threesection.3.1.4.4}{Architecture of the User Interface}{subsubsection.3.1.4}% 56
\BOOKMARK [5][-]{foursection.3.1.4.4.1}{Design Entities}{threesection.3.1.4.4}% 57
\BOOKMARK [5][-]{foursection.3.1.4.4.2}{Design}{threesection.3.1.4.4}% 58
\BOOKMARK [4][-]{threesection.3.1.4.5}{Architecture of the Interchange}{subsubsection.3.1.4}% 59
\BOOKMARK [5][-]{foursection.3.1.4.5.1}{Design Entities}{threesection.3.1.4.5}% 60
\BOOKMARK [5][-]{foursection.3.1.4.5.2}{Design}{threesection.3.1.4.5}% 61
\BOOKMARK [2][-]{subsection.3.2}{Current Design}{section.3}% 62
\BOOKMARK [3][-]{subsubsection.3.2.1}{Introduction}{subsection.3.2}% 63
\BOOKMARK [4][-]{threesection.3.2.1.1}{Purpose}{subsubsection.3.2.1}% 64
\BOOKMARK [4][-]{threesection.3.2.1.2}{Scope}{subsubsection.3.2.1}% 65
\BOOKMARK [4][-]{threesection.3.2.1.3}{Intended Audience}{subsubsection.3.2.1}% 66
\BOOKMARK [3][-]{subsubsection.3.2.2}{The Front End}{subsection.3.2}% 67
\BOOKMARK [4][-]{threesection.3.2.2.1}{Design Entities}{subsubsection.3.2.2}% 68
\BOOKMARK [5][-]{foursection.3.2.2.1.1}{Unity Engine}{threesection.3.2.2.1}% 69
\BOOKMARK [5][-]{foursection.3.2.2.1.2}{C\043}{threesection.3.2.2.1}% 70
\BOOKMARK [4][-]{threesection.3.2.2.2}{Design}{subsubsection.3.2.2}% 71
\BOOKMARK [3][-]{subsubsection.3.2.3}{Interactions between the Hardware and Application Layer}{subsection.3.2}% 72
\BOOKMARK [4][-]{threesection.3.2.3.1}{Design Entities}{subsubsection.3.2.3}% 73
\BOOKMARK [5][-]{foursection.3.2.3.1.1}{Rift HMD}{threesection.3.2.3.1}% 74
\BOOKMARK [5][-]{foursection.3.2.3.1.2}{Oculus Sensors}{threesection.3.2.3.1}% 75
\BOOKMARK [4][-]{threesection.3.2.3.2}{Design}{subsubsection.3.2.3}% 76
\BOOKMARK [3][-]{subsubsection.3.2.4}{The Back End}{subsection.3.2}% 77
\BOOKMARK [4][-]{threesection.3.2.4.1}{Design Entities \(Data Representation\)}{subsubsection.3.2.4}% 78
\BOOKMARK [5][-]{foursection.3.2.4.1.1}{Voxels}{threesection.3.2.4.1}% 79
\BOOKMARK [5][-]{foursection.3.2.4.1.2}{3D Textures}{threesection.3.2.4.1}% 80
\BOOKMARK [5][-]{foursection.3.2.4.1.3}{Blocks}{threesection.3.2.4.1}% 81
\BOOKMARK [4][-]{threesection.3.2.4.2}{Design: Data Manipulation}{subsubsection.3.2.4}% 82
\BOOKMARK [5][-]{foursection.3.2.4.2.1}{Wiping}{threesection.3.2.4.2}% 83
\BOOKMARK [5][-]{foursection.3.2.4.2.2}{Brushing}{threesection.3.2.4.2}% 84
\BOOKMARK [5][-]{foursection.3.2.4.2.3}{Updating the Skip Grid}{threesection.3.2.4.2}% 85
\BOOKMARK [4][-]{threesection.3.2.4.3}{Design: Rendering}{subsubsection.3.2.4}% 86
\BOOKMARK [5][-]{foursection.3.2.4.3.1}{Fragment Generation}{threesection.3.2.4.3}% 87
\BOOKMARK [5][-]{foursection.3.2.4.3.2}{Ray Trace Traversal}{threesection.3.2.4.3}% 88
\BOOKMARK [5][-]{foursection.3.2.4.3.3}{Processing Ray Trace Steps}{threesection.3.2.4.3}% 89
\BOOKMARK [5][-]{foursection.3.2.4.3.4}{Render Ordering}{threesection.3.2.4.3}% 90
\BOOKMARK [1][-]{section.4}{Technology Review}{}% 91
\BOOKMARK [2][-]{subsection.4.1}{Christopher Bakkom}{section.4}% 92
\BOOKMARK [3][-]{subsubsection.4.1.1}{User Interface}{subsection.4.1}% 93
\BOOKMARK [4][-]{threesection.4.1.1.1}{Unity}{subsubsection.4.1.1}% 94
\BOOKMARK [4][-]{threesection.4.1.1.2}{Unreal}{subsubsection.4.1.1}% 95
\BOOKMARK [4][-]{threesection.4.1.1.3}{CryEngine}{subsubsection.4.1.1}% 96
\BOOKMARK [3][-]{subsubsection.4.1.2}{VR Head Mounted Displays}{subsection.4.1}% 97
\BOOKMARK [4][-]{threesection.4.1.2.1}{HTC Vive}{subsubsection.4.1.2}% 98
\BOOKMARK [4][-]{threesection.4.1.2.2}{Oculus Rift}{subsubsection.4.1.2}% 99
\BOOKMARK [4][-]{threesection.4.1.2.3}{Gear VR}{subsubsection.4.1.2}% 100
\BOOKMARK [3][-]{subsubsection.4.1.3}{Object Tracking}{subsection.4.1}% 101
\BOOKMARK [4][-]{threesection.4.1.3.1}{Integrated VR Tracking}{subsubsection.4.1.3}% 102
\BOOKMARK [4][-]{threesection.4.1.3.2}{Motion Capture}{subsubsection.4.1.3}% 103
\BOOKMARK [4][-]{threesection.4.1.3.3}{DodecaPen}{subsubsection.4.1.3}% 104
\BOOKMARK [3][-]{subsubsection.4.1.4}{References}{subsection.4.1}% 105
\BOOKMARK [2][-]{subsection.4.2}{Richard Cunard}{section.4}% 106
\BOOKMARK [3][-]{subsubsection.4.2.1}{Scripting Language}{subsection.4.2}% 107
\BOOKMARK [4][-]{threesection.4.2.1.1}{Overview}{subsubsection.4.2.1}% 108
\BOOKMARK [4][-]{threesection.4.2.1.2}{Criteria}{subsubsection.4.2.1}% 109
\BOOKMARK [4][-]{threesection.4.2.1.3}{Potential Choices}{subsubsection.4.2.1}% 110
\BOOKMARK [5][-]{foursection.4.2.1.3.1}{C\043}{threesection.4.2.1.3}% 111
\BOOKMARK [5][-]{foursection.4.2.1.3.2}{C++}{threesection.4.2.1.3}% 112
\BOOKMARK [5][-]{foursection.4.2.1.3.3}{JavaScript}{threesection.4.2.1.3}% 113
\BOOKMARK [4][-]{threesection.4.2.1.4}{Discussion}{subsubsection.4.2.1}% 114
\BOOKMARK [4][-]{threesection.4.2.1.5}{Decision}{subsubsection.4.2.1}% 115
\BOOKMARK [3][-]{subsubsection.4.2.2}{Graphics API}{subsection.4.2}% 116
\BOOKMARK [4][-]{threesection.4.2.2.1}{Overview}{subsubsection.4.2.2}% 117
\BOOKMARK [4][-]{threesection.4.2.2.2}{Criteria}{subsubsection.4.2.2}% 118
\BOOKMARK [4][-]{threesection.4.2.2.3}{Potential Choices}{subsubsection.4.2.2}% 119
\BOOKMARK [5][-]{foursection.4.2.2.3.1}{Khronos API}{threesection.4.2.2.3}% 120
\BOOKMARK [5][-]{foursection.4.2.2.3.2}{DirectX API}{threesection.4.2.2.3}% 121
\BOOKMARK [5][-]{foursection.4.2.2.3.3}{Mantle}{threesection.4.2.2.3}% 122
\BOOKMARK [4][-]{threesection.4.2.2.4}{Discussion}{subsubsection.4.2.2}% 123
\BOOKMARK [4][-]{threesection.4.2.2.5}{Decision}{subsubsection.4.2.2}% 124
\BOOKMARK [3][-]{subsubsection.4.2.3}{Rendering Method}{subsection.4.2}% 125
\BOOKMARK [4][-]{threesection.4.2.3.1}{Overview}{subsubsection.4.2.3}% 126
\BOOKMARK [4][-]{threesection.4.2.3.2}{Criteria}{subsubsection.4.2.3}% 127
\BOOKMARK [4][-]{threesection.4.2.3.3}{Potential Choices}{subsubsection.4.2.3}% 128
\BOOKMARK [5][-]{foursection.4.2.3.3.1}{Rasterization}{threesection.4.2.3.3}% 129
\BOOKMARK [5][-]{foursection.4.2.3.3.2}{Ray Tracing}{threesection.4.2.3.3}% 130
\BOOKMARK [5][-]{foursection.4.2.3.3.3}{Voxel Cone Tracing}{threesection.4.2.3.3}% 131
\BOOKMARK [4][-]{threesection.4.2.3.4}{Discussion}{subsubsection.4.2.3}% 132
\BOOKMARK [4][-]{threesection.4.2.3.5}{Decision}{subsubsection.4.2.3}% 133
\BOOKMARK [2][-]{subsection.4.3}{Braxton Cuneo}{section.4}% 134
\BOOKMARK [3][-]{subsubsection.4.3.1}{Introduction}{subsection.4.3}% 135
\BOOKMARK [3][-]{subsubsection.4.3.2}{Geometric Representation of Environment Elements}{subsection.4.3}% 136
\BOOKMARK [4][-]{threesection.4.3.2.1}{Introduction}{subsubsection.4.3.2}% 137
\BOOKMARK [4][-]{threesection.4.3.2.2}{Criteria}{subsubsection.4.3.2}% 138
\BOOKMARK [4][-]{threesection.4.3.2.3}{Non-uniform Rational B-splines \(NURBS\)}{subsubsection.4.3.2}% 139
\BOOKMARK [4][-]{threesection.4.3.2.4}{Triangles}{subsubsection.4.3.2}% 140
\BOOKMARK [4][-]{threesection.4.3.2.5}{Voxels}{subsubsection.4.3.2}% 141
\BOOKMARK [4][-]{threesection.4.3.2.6}{Decision}{subsubsection.4.3.2}% 142
\BOOKMARK [3][-]{subsubsection.4.3.3}{Organization of Environment Data}{subsection.4.3}% 143
\BOOKMARK [4][-]{threesection.4.3.3.1}{Introduction}{subsubsection.4.3.3}% 144
\BOOKMARK [4][-]{threesection.4.3.3.2}{Criteria}{subsubsection.4.3.3}% 145
\BOOKMARK [4][-]{threesection.4.3.3.3}{Three-Dimensional Array}{subsubsection.4.3.3}% 146
\BOOKMARK [4][-]{threesection.4.3.3.4}{Binary Space Partition \(BSP\) Tree}{subsubsection.4.3.3}% 147
\BOOKMARK [4][-]{threesection.4.3.3.5}{Sparse Voxel Octree}{subsubsection.4.3.3}% 148
\BOOKMARK [4][-]{threesection.4.3.3.6}{Decision}{subsubsection.4.3.3}% 149
\BOOKMARK [3][-]{subsubsection.4.3.4}{Integration of Environment Manipulation Tools}{subsection.4.3}% 150
\BOOKMARK [4][-]{threesection.4.3.4.1}{Introduction}{subsubsection.4.3.4}% 151
\BOOKMARK [4][-]{threesection.4.3.4.2}{Criteria}{subsubsection.4.3.4}% 152
\BOOKMARK [4][-]{threesection.4.3.4.3}{Statically Defined Tools}{subsubsection.4.3.4}% 153
\BOOKMARK [4][-]{threesection.4.3.4.4}{Dynamically Defined Tools}{subsubsection.4.3.4}% 154
\BOOKMARK [4][-]{threesection.4.3.4.5}{Shader Code Injection}{subsubsection.4.3.4}% 155
\BOOKMARK [4][-]{threesection.4.3.4.6}{Decision}{subsubsection.4.3.4}% 156
\BOOKMARK [1][-]{section.5}{Weekly Blog Posts}{}% 157
\BOOKMARK [1][-]{section.6}{Final Poster}{}% 158
\BOOKMARK [1][-]{section.7}{Project Documentation}{}% 159
\BOOKMARK [2][-]{subsection.7.1}{Theory of Operation}{section.7}% 160
\BOOKMARK [2][-]{subsection.7.2}{System Requirements}{section.7}% 161
\BOOKMARK [3][-]{subsubsection.7.2.1}{Minimal Requirements}{subsection.7.2}% 162
\BOOKMARK [3][-]{subsubsection.7.2.2}{Optimizing Specifications for PolyVox}{subsection.7.2}% 163
\BOOKMARK [2][-]{subsection.7.3}{Installation Process}{section.7}% 164
\BOOKMARK [3][-]{subsubsection.7.3.1}{Required Supporting Software}{subsection.7.3}% 165
\BOOKMARK [3][-]{subsubsection.7.3.2}{Installing for Development on Unity}{subsection.7.3}% 166
\BOOKMARK [3][-]{subsubsection.7.3.3}{Installing for Release}{subsection.7.3}% 167
\BOOKMARK [2][-]{subsection.7.4}{Usage Guide}{section.7}% 168
\BOOKMARK [3][-]{subsubsection.7.4.1}{Controls}{subsection.7.4}% 169
\BOOKMARK [4][-]{threesection.7.4.1.1}{Brush Stroke}{subsubsection.7.4.1}% 170
\BOOKMARK [4][-]{threesection.7.4.1.2}{Change Saturation/Value}{subsubsection.7.4.1}% 171
\BOOKMARK [4][-]{threesection.7.4.1.3}{Change Hue/Opacity}{subsubsection.7.4.1}% 172
\BOOKMARK [4][-]{threesection.7.4.1.4}{Change Brush Scale}{subsubsection.7.4.1}% 173
\BOOKMARK [4][-]{threesection.7.4.1.5}{Change Scene Scale/Position}{subsubsection.7.4.1}% 174
\BOOKMARK [4][-]{threesection.7.4.1.6}{Toggle Pointer}{subsubsection.7.4.1}% 175
\BOOKMARK [4][-]{threesection.7.4.1.7}{Pointer Click}{subsubsection.7.4.1}% 176
\BOOKMARK [3][-]{subsubsection.7.4.2}{Saving and Loading}{subsection.7.4}% 177
\BOOKMARK [3][-]{subsubsection.7.4.3}{User Notes}{subsection.7.4}% 178
\BOOKMARK [1][-]{section.8}{Recommended Technical Resources for Learning More}{}% 179
\BOOKMARK [2][-]{subsection.8.1}{Resources for Developers}{section.8}% 180
\BOOKMARK [2][-]{subsection.8.2}{Resources for Users}{section.8}% 181
\BOOKMARK [1][-]{section.9}{Conclusions and Reflections}{}% 182
\BOOKMARK [2][-]{subsection.9.1}{Christopher Bakkom}{section.9}% 183
\BOOKMARK [3][-]{subsubsection.9.1.1}{Technical Information Learned}{subsection.9.1}% 184
\BOOKMARK [3][-]{subsubsection.9.1.2}{Non-Technical Information Learned}{subsection.9.1}% 185
\BOOKMARK [3][-]{subsubsection.9.1.3}{Project Work Skills Learned}{subsection.9.1}% 186
\BOOKMARK [3][-]{subsubsection.9.1.4}{Project Management Skills Learned}{subsection.9.1}% 187
\BOOKMARK [3][-]{subsubsection.9.1.5}{Teamwork Skills Learned}{subsection.9.1}% 188
\BOOKMARK [3][-]{subsubsection.9.1.6}{Reflection}{subsection.9.1}% 189
\BOOKMARK [2][-]{subsection.9.2}{Richard Cunard}{section.9}% 190
\BOOKMARK [3][-]{subsubsection.9.2.1}{Technical Information Learned}{subsection.9.2}% 191
\BOOKMARK [3][-]{subsubsection.9.2.2}{Non-Technical Information Learned}{subsection.9.2}% 192
\BOOKMARK [3][-]{subsubsection.9.2.3}{Project Work Skills Learned}{subsection.9.2}% 193
\BOOKMARK [3][-]{subsubsection.9.2.4}{Project Management Skills Learned}{subsection.9.2}% 194
\BOOKMARK [3][-]{subsubsection.9.2.5}{Teamwork Skills Learned}{subsection.9.2}% 195
\BOOKMARK [3][-]{subsubsection.9.2.6}{Reflection}{subsection.9.2}% 196
\BOOKMARK [2][-]{subsection.9.3}{Braxton Cuneo}{section.9}% 197
\BOOKMARK [3][-]{subsubsection.9.3.1}{Technical Information Learned}{subsection.9.3}% 198
\BOOKMARK [3][-]{subsubsection.9.3.2}{Non-Technical Information Learned}{subsection.9.3}% 199
\BOOKMARK [3][-]{subsubsection.9.3.3}{Project Work Skills Learned}{subsection.9.3}% 200
\BOOKMARK [3][-]{subsubsection.9.3.4}{Project Management Skills Learned}{subsection.9.3}% 201
\BOOKMARK [3][-]{subsubsection.9.3.5}{Teamwork Skills Learned}{subsection.9.3}% 202
\BOOKMARK [3][-]{subsubsection.9.3.6}{Reflection}{subsection.9.3}% 203
\BOOKMARK [1][-]{section.10}{References}{}% 204
\BOOKMARK [1][-]{section.10}{References}{}% 205
\BOOKMARK [1][-]{appendix.Appendix.A}{Appendix}{}% 206
