This is pdfTeX, Version 3.14159265-2.6-1.40.18 (TeX Live 2017) (preloaded format=latex 2018.2.3)  12 JUN 2018 16:57
entering extended mode
 \write18 enabled.
 %&-line parsing enabled.
**FinalReport.tex
(./FinalReport.tex
LaTeX2e <2017-04-15>
Babel <3.17> and hyphenation patterns for 84 language(s) loaded.

(/nfs/guille/a2/rh80apps/tex_live/tex_live-2017/texmf-dist/tex/latex/IEEEtran/I
EEEtran.cls
Document Class: IEEEtran 2015/08/26 V1.8b by Michael Shell
-- See the "IEEEtran_HOWTO" manual for usage information.
-- http://www.michaelshell.org/tex/ieeetran/
\@IEEEtrantmpdimenA=\dimen102
\@IEEEtrantmpdimenB=\dimen103
\@IEEEtrantmpdimenC=\dimen104
\@IEEEtrantmpcountA=\count79
\@IEEEtrantmpcountB=\count80
\@IEEEtrantmpcountC=\count81
\@IEEEtrantmptoksA=\toks14
LaTeX Font Info:    Try loading font information for OT1+ppl on input line 503.


(/nfs/guille/a2/rh80apps/tex_live/tex_live-2017/texmf-dist/tex/latex/psnfss/ot1
ppl.fd
File: ot1ppl.fd 2001/06/04 font definitions for OT1/ppl.
)
-- Using IEEE Computer Society mode.
-- Using 8.5in x 11in (letter) paper.
-- Using DVI output.
\@IEEEnormalsizeunitybaselineskip=\dimen105
-- This is a 10 point document.
\CLASSINFOnormalsizebaselineskip=\dimen106
\CLASSINFOnormalsizeunitybaselineskip=\dimen107
\IEEEnormaljot=\dimen108
LaTeX Font Info:    Font shape `OT1/ppl/bx/n' in size <5.01874> not available
(Font)              Font shape `OT1/ppl/b/n' tried instead on input line 1090.
LaTeX Font Info:    Font shape `OT1/ppl/bx/it' in size <5.01874> not available
(Font)              Font shape `OT1/ppl/b/it' tried instead on input line 1090.

LaTeX Font Info:    Font shape `OT1/ppl/bx/n' in size <7.02625> not available
(Font)              Font shape `OT1/ppl/b/n' tried instead on input line 1090.
LaTeX Font Info:    Font shape `OT1/ppl/bx/it' in size <7.02625> not available
(Font)              Font shape `OT1/ppl/b/it' tried instead on input line 1090.

LaTeX Font Info:    Font shape `OT1/ppl/bx/n' in size <8.03> not available
(Font)              Font shape `OT1/ppl/b/n' tried instead on input line 1090.
LaTeX Font Info:    Font shape `OT1/ppl/bx/it' in size <8.03> not available
(Font)              Font shape `OT1/ppl/b/it' tried instead on input line 1090.

LaTeX Font Info:    Font shape `OT1/ppl/bx/n' in size <9.03374> not available
(Font)              Font shape `OT1/ppl/b/n' tried instead on input line 1090.
LaTeX Font Info:    Font shape `OT1/ppl/bx/it' in size <9.03374> not available
(Font)              Font shape `OT1/ppl/b/it' tried instead on input line 1090.

LaTeX Font Info:    Font shape `OT1/ppl/bx/n' in size <9.53561> not available
(Font)              Font shape `OT1/ppl/b/n' tried instead on input line 1090.
LaTeX Font Info:    Font shape `OT1/ppl/bx/it' in size <9.53561> not available
(Font)              Font shape `OT1/ppl/b/it' tried instead on input line 1090.

LaTeX Font Info:    Font shape `OT1/ppl/bx/n' in size <11.04124> not available
(Font)              Font shape `OT1/ppl/b/n' tried instead on input line 1090.
LaTeX Font Info:    Font shape `OT1/ppl/bx/it' in size <11.04124> not available

(Font)              Font shape `OT1/ppl/b/it' tried instead on input line 1090.

LaTeX Font Info:    Font shape `OT1/ppl/bx/n' in size <12.045> not available
(Font)              Font shape `OT1/ppl/b/n' tried instead on input line 1090.
LaTeX Font Info:    Font shape `OT1/ppl/bx/it' in size <12.045> not available
(Font)              Font shape `OT1/ppl/b/it' tried instead on input line 1090.

LaTeX Font Info:    Font shape `OT1/ppl/bx/n' in size <17.06374> not available
(Font)              Font shape `OT1/ppl/b/n' tried instead on input line 1090.
LaTeX Font Info:    Font shape `OT1/ppl/bx/it' in size <17.06374> not available

(Font)              Font shape `OT1/ppl/b/it' tried instead on input line 1090.

LaTeX Font Info:    Font shape `OT1/ppl/bx/n' in size <20.075> not available
(Font)              Font shape `OT1/ppl/b/n' tried instead on input line 1090.
LaTeX Font Info:    Font shape `OT1/ppl/bx/it' in size <20.075> not available
(Font)              Font shape `OT1/ppl/b/it' tried instead on input line 1090.

LaTeX Font Info:    Font shape `OT1/ppl/bx/n' in size <24.09> not available
(Font)              Font shape `OT1/ppl/b/n' tried instead on input line 1090.
LaTeX Font Info:    Font shape `OT1/ppl/bx/it' in size <24.09> not available
(Font)              Font shape `OT1/ppl/b/it' tried instead on input line 1090.

\IEEEquantizedlength=\dimen109
\IEEEquantizedlengthdiff=\dimen110
\IEEEquantizedtextheightdiff=\dimen111
\IEEEilabelindentA=\dimen112
\IEEEilabelindentB=\dimen113
\IEEEilabelindent=\dimen114
\IEEEelabelindent=\dimen115
\IEEEdlabelindent=\dimen116
\IEEElabelindent=\dimen117
\IEEEiednormlabelsep=\dimen118
\IEEEiedmathlabelsep=\dimen119
\IEEEiedtopsep=\skip41
\c@section=\count82
\c@subsection=\count83
\c@subsubsection=\count84
\c@paragraph=\count85
\c@IEEEsubequation=\count86
\abovecaptionskip=\skip42
\belowcaptionskip=\skip43
\c@figure=\count87
\c@table=\count88
\@IEEEeqnnumcols=\count89
\@IEEEeqncolcnt=\count90
\@IEEEsubeqnnumrollback=\count91
\@IEEEquantizeheightA=\dimen120
\@IEEEquantizeheightB=\dimen121
\@IEEEquantizeheightC=\dimen122
\@IEEEquantizeprevdepth=\dimen123
\@IEEEquantizemultiple=\count92
\@IEEEquantizeboxA=\box26
\@IEEEtmpitemindent=\dimen124
\IEEEPARstartletwidth=\dimen125
\c@IEEEbiography=\count93
\@IEEEtranrubishbin=\box27
)
(/nfs/guille/a2/rh80apps/tex_live/tex_live-2017/texmf-dist/tex/latex/graphics/g
raphicx.sty
Package: graphicx 2017/06/01 v1.1a Enhanced LaTeX Graphics (DPC,SPQR)

(/nfs/guille/a2/rh80apps/tex_live/tex_live-2017/texmf-dist/tex/latex/graphics/k
eyval.sty
Package: keyval 2014/10/28 v1.15 key=value parser (DPC)
\KV@toks@=\toks15
)
(/nfs/guille/a2/rh80apps/tex_live/tex_live-2017/texmf-dist/tex/latex/graphics/g
raphics.sty
Package: graphics 2017/06/25 v1.2c Standard LaTeX Graphics (DPC,SPQR)

(/nfs/guille/a2/rh80apps/tex_live/tex_live-2017/texmf-dist/tex/latex/graphics/t
rig.sty
Package: trig 2016/01/03 v1.10 sin cos tan (DPC)
)
(/nfs/guille/a2/rh80apps/tex_live/tex_live-2017/texmf-dist/tex/latex/graphics-c
fg/graphics.cfg
File: graphics.cfg 2016/06/04 v1.11 sample graphics configuration
)
Package graphics Info: Driver file: dvips.def on input line 99.

(/nfs/guille/a2/rh80apps/tex_live/tex_live-2017/texmf-dist/tex/latex/graphics-d
ef/dvips.def
File: dvips.def 2017/06/20 v3.1d Graphics/color driver for dvips
))
\Gin@req@height=\dimen126
\Gin@req@width=\dimen127
)
(/nfs/guille/a2/rh80apps/tex_live/tex_live-2017/texmf-dist/tex/latex/url/url.st
y
\Urlmuskip=\muskip10
Package: url 2013/09/16  ver 3.4  Verb mode for urls, etc.
)
(/nfs/guille/a2/rh80apps/tex_live/tex_live-2017/texmf-dist/tex/latex/svg/svg.st
y
Package: svg 2017/11/29 v2.01 (include SVG pictures)

(/nfs/guille/a2/rh80apps/tex_live/tex_live-2017/texmf-dist/tex/latex/koma-scrip
t/scrbase.sty
Package: scrbase 2017/09/07 v3.24 KOMA-Script package (KOMA-Script-independent 
basics and keyval usage)

(/nfs/guille/a2/rh80apps/tex_live/tex_live-2017/texmf-dist/tex/latex/koma-scrip
t/scrlfile.sty
Package: scrlfile 2017/09/07 v3.24 KOMA-Script package (loading files)
))
(/nfs/guille/a2/rh80apps/tex_live/tex_live-2017/texmf-dist/tex/generic/ifxetex/
ifxetex.sty
Package: ifxetex 2010/09/12 v0.6 Provides ifxetex conditional
)
(/nfs/guille/a2/rh80apps/tex_live/tex_live-2017/texmf-dist/tex/generic/oberdiek
/ifluatex.sty
Package: ifluatex 2016/05/16 v1.4 Provides the ifluatex switch (HO)
Package ifluatex Info: LuaTeX not detected.
)
(/nfs/guille/a2/rh80apps/tex_live/tex_live-2017/texmf-dist/tex/generic/oberdiek
/ifpdf.sty
Package: ifpdf 2017/03/15 v3.2 Provides the ifpdf switch
)
(/nfs/guille/a2/rh80apps/tex_live/tex_live-2017/texmf-dist/tex/generic/oberdiek
/pdftexcmds.sty
Package: pdftexcmds 2018/01/21 v0.26 Utility functions of pdfTeX for LuaTeX (HO
)

(/nfs/guille/a2/rh80apps/tex_live/tex_live-2017/texmf-dist/tex/generic/oberdiek
/infwarerr.sty
Package: infwarerr 2016/05/16 v1.4 Providing info/warning/error messages (HO)
)
(/nfs/guille/a2/rh80apps/tex_live/tex_live-2017/texmf-dist/tex/generic/oberdiek
/ltxcmds.sty
Package: ltxcmds 2016/05/16 v1.23 LaTeX kernel commands for general use (HO)
)
Package pdftexcmds Info: LuaTeX not detected.
Package pdftexcmds Info: \pdf@primitive is available.
Package pdftexcmds Info: \pdf@ifprimitive is available.
Package pdftexcmds Info: \pdfdraftmode is ignored in DVI mode.
)
(/nfs/guille/a2/rh80apps/tex_live/tex_live-2017/texmf-dist/tex/latex/tools/shel
lesc.sty
Package: shellesc 2016/06/07 v0.02a unified shell escape interface for LaTeX
Package shellesc Info: Unrestricted shell escape enabled on input line 67.
)
\c@svg@param@lastpage=\count94
\c@svg@param@currpage=\count95

(/nfs/guille/a2/rh80apps/tex_live/tex_live-2017/texmf-dist/tex/latex/ifplatform
/ifplatform.sty
Package: ifplatform 2017/10/13 v0.4a Testing for the operating system

(/nfs/guille/a2/rh80apps/tex_live/tex_live-2017/texmf-dist/tex/generic/oberdiek
/catchfile.sty
Package: catchfile 2016/05/16 v1.7 Catch the contents of a file (HO)

(/nfs/guille/a2/rh80apps/tex_live/tex_live-2017/texmf-dist/tex/generic/oberdiek
/etexcmds.sty
Package: etexcmds 2016/05/16 v1.6 Avoid name clashes with e-TeX commands (HO)
Package etexcmds Info: Could not find \expanded.
(etexcmds)             That can mean that you are not using pdfTeX 1.50 or
(etexcmds)             that some package has redefined \expanded.
(etexcmds)             In the latter case, load this package earlier.
))
runsystem(uname -s > "FinalReport.w18")...executed.

 (./FinalReport.w18)
runsystem(rm -- "FinalReport.w18")...executed.

))
(/nfs/guille/a2/rh80apps/tex_live/tex_live-2017/texmf-dist/tex/latex/xcolor/xco
lor.sty
Package: xcolor 2016/05/11 v2.12 LaTeX color extensions (UK)

(/nfs/guille/a2/rh80apps/tex_live/tex_live-2017/texmf-dist/tex/latex/graphics-c
fg/color.cfg
File: color.cfg 2016/01/02 v1.6 sample color configuration
)
Package xcolor Info: Driver file: dvips.def on input line 225.
Package xcolor Info: Model `cmy' substituted by `cmy0' on input line 1348.
Package xcolor Info: Model `RGB' extended on input line 1364.
Package xcolor Info: Model `HTML' substituted by `rgb' on input line 1366.
Package xcolor Info: Model `Hsb' substituted by `hsb' on input line 1367.
Package xcolor Info: Model `tHsb' substituted by `hsb' on input line 1368.
Package xcolor Info: Model `HSB' substituted by `hsb' on input line 1369.
Package xcolor Info: Model `Gray' substituted by `gray' on input line 1370.
Package xcolor Info: Model `wave' substituted by `hsb' on input line 1371.
)
(/nfs/guille/a2/rh80apps/tex_live/tex_live-2017/texmf-dist/tex/latex/oberdiek/t
ransparent.sty
Package: transparent 2016/05/16 v1.1 Transparency via pdfTeX's color stack (HO)



Package transparent Warning: Loading aborted, because pdfTeX is not running in 
PDF mode.

)
(/nfs/guille/a2/rh80apps/tex_live/tex_live-2017/texmf-dist/tex/latex/setspace/s
etspace.sty
Package: setspace 2011/12/19 v6.7a set line spacing
)
(/nfs/guille/a2/rh80apps/tex_live/tex_live-2017/texmf-dist/tex/latex/float/floa
t.sty
Package: float 2001/11/08 v1.3d Float enhancements (AL)
\c@float@type=\count96
\float@exts=\toks16
\float@box=\box28
\@float@everytoks=\toks17
\@floatcapt=\box29
)
(/nfs/guille/a2/rh80apps/tex_live/tex_live-2017/texmf-dist/tex/latex/tools/long
table.sty
Package: longtable 2014/10/28 v4.11 Multi-page Table package (DPC)
\LTleft=\skip44
\LTright=\skip45
\LTpre=\skip46
\LTpost=\skip47
\LTchunksize=\count97
\LTcapwidth=\dimen128
\LT@head=\box30
\LT@firsthead=\box31
\LT@foot=\box32
\LT@lastfoot=\box33
\LT@cols=\count98
\LT@rows=\count99
\c@LT@tables=\count100
\c@LT@chunks=\count101
\LT@p@ftn=\toks18
)
(/nfs/guille/a2/rh80apps/tex_live/tex_live-2017/texmf-dist/tex/latex/pgfgantt/p
gfgantt.sty
Package: pgfgantt 2018/01/10 v5.0 Draw Gantt diagrams with TikZ

(/nfs/guille/a2/rh80apps/tex_live/tex_live-2017/texmf-dist/tex/latex/pgf/fronte
ndlayer/tikz.sty
(/nfs/guille/a2/rh80apps/tex_live/tex_live-2017/texmf-dist/tex/latex/pgf/basicl
ayer/pgf.sty
(/nfs/guille/a2/rh80apps/tex_live/tex_live-2017/texmf-dist/tex/latex/pgf/utilit
ies/pgfrcs.sty
(/nfs/guille/a2/rh80apps/tex_live/tex_live-2017/texmf-dist/tex/generic/pgf/util
ities/pgfutil-common.tex
\pgfutil@everybye=\toks19
\pgfutil@tempdima=\dimen129
\pgfutil@tempdimb=\dimen130

(/nfs/guille/a2/rh80apps/tex_live/tex_live-2017/texmf-dist/tex/generic/pgf/util
ities/pgfutil-common-lists.tex))
(/nfs/guille/a2/rh80apps/tex_live/tex_live-2017/texmf-dist/tex/generic/pgf/util
ities/pgfutil-latex.def
\pgfutil@abb=\box34

(/nfs/guille/a2/rh80apps/tex_live/tex_live-2017/texmf-dist/tex/latex/ms/everysh
i.sty
Package: everyshi 2001/05/15 v3.00 EveryShipout Package (MS)
))
(/nfs/guille/a2/rh80apps/tex_live/tex_live-2017/texmf-dist/tex/generic/pgf/util
ities/pgfrcs.code.tex
Package: pgfrcs 2015/08/07 v3.0.1a (rcs-revision 1.31)
))
Package: pgf 2015/08/07 v3.0.1a (rcs-revision 1.15)

(/nfs/guille/a2/rh80apps/tex_live/tex_live-2017/texmf-dist/tex/latex/pgf/basicl
ayer/pgfcore.sty
(/nfs/guille/a2/rh80apps/tex_live/tex_live-2017/texmf-dist/tex/latex/pgf/system
layer/pgfsys.sty
(/nfs/guille/a2/rh80apps/tex_live/tex_live-2017/texmf-dist/tex/generic/pgf/syst
emlayer/pgfsys.code.tex
Package: pgfsys 2014/07/09 v3.0.1a (rcs-revision 1.48)

(/nfs/guille/a2/rh80apps/tex_live/tex_live-2017/texmf-dist/tex/generic/pgf/util
ities/pgfkeys.code.tex
\pgfkeys@pathtoks=\toks20
\pgfkeys@temptoks=\toks21

(/nfs/guille/a2/rh80apps/tex_live/tex_live-2017/texmf-dist/tex/generic/pgf/util
ities/pgfkeysfiltered.code.tex
\pgfkeys@tmptoks=\toks22
))
\pgf@x=\dimen131
\pgf@y=\dimen132
\pgf@xa=\dimen133
\pgf@ya=\dimen134
\pgf@xb=\dimen135
\pgf@yb=\dimen136
\pgf@xc=\dimen137
\pgf@yc=\dimen138
\w@pgf@writea=\write3
\r@pgf@reada=\read1
\c@pgf@counta=\count102
\c@pgf@countb=\count103
\c@pgf@countc=\count104
\c@pgf@countd=\count105
\t@pgf@toka=\toks23
\t@pgf@tokb=\toks24
\t@pgf@tokc=\toks25

(/nfs/guille/a2/rh80apps/tex_live/tex_live-2017/texmf-dist/tex/generic/pgf/syst
emlayer/pgf.cfg
File: pgf.cfg 2008/05/14  (rcs-revision 1.7)
)
Driver file for pgf: pgfsys-dvips.def

(/nfs/guille/a2/rh80apps/tex_live/tex_live-2017/texmf-dist/tex/generic/pgf/syst
emlayer/pgfsys-dvips.def
File: pgfsys-dvips.def 2014/07/09  (rcs-revision 1.25)

(/nfs/guille/a2/rh80apps/tex_live/tex_live-2017/texmf-dist/tex/generic/pgf/syst
emlayer/pgfsys-common-postscript.def
File: pgfsys-common-postscript.def 2008/10/01  (rcs-revision 1.22)
\pgf@objectcount=\count106
)))
(/nfs/guille/a2/rh80apps/tex_live/tex_live-2017/texmf-dist/tex/generic/pgf/syst
emlayer/pgfsyssoftpath.code.tex
File: pgfsyssoftpath.code.tex 2013/09/09  (rcs-revision 1.9)
\pgfsyssoftpath@smallbuffer@items=\count107
\pgfsyssoftpath@bigbuffer@items=\count108
)
(/nfs/guille/a2/rh80apps/tex_live/tex_live-2017/texmf-dist/tex/generic/pgf/syst
emlayer/pgfsysprotocol.code.tex
File: pgfsysprotocol.code.tex 2006/10/16  (rcs-revision 1.4)
))
(/nfs/guille/a2/rh80apps/tex_live/tex_live-2017/texmf-dist/tex/generic/pgf/basi
clayer/pgfcore.code.tex
Package: pgfcore 2010/04/11 v3.0.1a (rcs-revision 1.7)

(/nfs/guille/a2/rh80apps/tex_live/tex_live-2017/texmf-dist/tex/generic/pgf/math
/pgfmath.code.tex
(/nfs/guille/a2/rh80apps/tex_live/tex_live-2017/texmf-dist/tex/generic/pgf/math
/pgfmathcalc.code.tex
(/nfs/guille/a2/rh80apps/tex_live/tex_live-2017/texmf-dist/tex/generic/pgf/math
/pgfmathutil.code.tex)
(/nfs/guille/a2/rh80apps/tex_live/tex_live-2017/texmf-dist/tex/generic/pgf/math
/pgfmathparser.code.tex
\pgfmath@dimen=\dimen139
\pgfmath@count=\count109
\pgfmath@box=\box35
\pgfmath@toks=\toks26
\pgfmath@stack@operand=\toks27
\pgfmath@stack@operation=\toks28
)
(/nfs/guille/a2/rh80apps/tex_live/tex_live-2017/texmf-dist/tex/generic/pgf/math
/pgfmathfunctions.code.tex
(/nfs/guille/a2/rh80apps/tex_live/tex_live-2017/texmf-dist/tex/generic/pgf/math
/pgfmathfunctions.basic.code.tex)
(/nfs/guille/a2/rh80apps/tex_live/tex_live-2017/texmf-dist/tex/generic/pgf/math
/pgfmathfunctions.trigonometric.code.tex)
(/nfs/guille/a2/rh80apps/tex_live/tex_live-2017/texmf-dist/tex/generic/pgf/math
/pgfmathfunctions.random.code.tex)
(/nfs/guille/a2/rh80apps/tex_live/tex_live-2017/texmf-dist/tex/generic/pgf/math
/pgfmathfunctions.comparison.code.tex)
(/nfs/guille/a2/rh80apps/tex_live/tex_live-2017/texmf-dist/tex/generic/pgf/math
/pgfmathfunctions.base.code.tex)
(/nfs/guille/a2/rh80apps/tex_live/tex_live-2017/texmf-dist/tex/generic/pgf/math
/pgfmathfunctions.round.code.tex)
(/nfs/guille/a2/rh80apps/tex_live/tex_live-2017/texmf-dist/tex/generic/pgf/math
/pgfmathfunctions.misc.code.tex)
(/nfs/guille/a2/rh80apps/tex_live/tex_live-2017/texmf-dist/tex/generic/pgf/math
/pgfmathfunctions.integerarithmetics.code.tex)))
(/nfs/guille/a2/rh80apps/tex_live/tex_live-2017/texmf-dist/tex/generic/pgf/math
/pgfmathfloat.code.tex
\c@pgfmathroundto@lastzeros=\count110
))
(/nfs/guille/a2/rh80apps/tex_live/tex_live-2017/texmf-dist/tex/generic/pgf/basi
clayer/pgfcorepoints.code.tex
File: pgfcorepoints.code.tex 2013/10/07  (rcs-revision 1.27)
\pgf@picminx=\dimen140
\pgf@picmaxx=\dimen141
\pgf@picminy=\dimen142
\pgf@picmaxy=\dimen143
\pgf@pathminx=\dimen144
\pgf@pathmaxx=\dimen145
\pgf@pathminy=\dimen146
\pgf@pathmaxy=\dimen147
\pgf@xx=\dimen148
\pgf@xy=\dimen149
\pgf@yx=\dimen150
\pgf@yy=\dimen151
\pgf@zx=\dimen152
\pgf@zy=\dimen153
)
(/nfs/guille/a2/rh80apps/tex_live/tex_live-2017/texmf-dist/tex/generic/pgf/basi
clayer/pgfcorepathconstruct.code.tex
File: pgfcorepathconstruct.code.tex 2013/10/07  (rcs-revision 1.29)
\pgf@path@lastx=\dimen154
\pgf@path@lasty=\dimen155
)
(/nfs/guille/a2/rh80apps/tex_live/tex_live-2017/texmf-dist/tex/generic/pgf/basi
clayer/pgfcorepathusage.code.tex
File: pgfcorepathusage.code.tex 2014/11/02  (rcs-revision 1.24)
\pgf@shorten@end@additional=\dimen156
\pgf@shorten@start@additional=\dimen157
)
(/nfs/guille/a2/rh80apps/tex_live/tex_live-2017/texmf-dist/tex/generic/pgf/basi
clayer/pgfcorescopes.code.tex
File: pgfcorescopes.code.tex 2015/05/08  (rcs-revision 1.46)
\pgfpic=\box36
\pgf@hbox=\box37
\pgf@layerbox@main=\box38
\pgf@picture@serial@count=\count111
)
(/nfs/guille/a2/rh80apps/tex_live/tex_live-2017/texmf-dist/tex/generic/pgf/basi
clayer/pgfcoregraphicstate.code.tex
File: pgfcoregraphicstate.code.tex 2014/11/02  (rcs-revision 1.12)
\pgflinewidth=\dimen158
)
(/nfs/guille/a2/rh80apps/tex_live/tex_live-2017/texmf-dist/tex/generic/pgf/basi
clayer/pgfcoretransformations.code.tex
File: pgfcoretransformations.code.tex 2015/08/07  (rcs-revision 1.20)
\pgf@pt@x=\dimen159
\pgf@pt@y=\dimen160
\pgf@pt@temp=\dimen161
)
(/nfs/guille/a2/rh80apps/tex_live/tex_live-2017/texmf-dist/tex/generic/pgf/basi
clayer/pgfcorequick.code.tex
File: pgfcorequick.code.tex 2008/10/09  (rcs-revision 1.3)
)
(/nfs/guille/a2/rh80apps/tex_live/tex_live-2017/texmf-dist/tex/generic/pgf/basi
clayer/pgfcoreobjects.code.tex
File: pgfcoreobjects.code.tex 2006/10/11  (rcs-revision 1.2)
)
(/nfs/guille/a2/rh80apps/tex_live/tex_live-2017/texmf-dist/tex/generic/pgf/basi
clayer/pgfcorepathprocessing.code.tex
File: pgfcorepathprocessing.code.tex 2013/09/09  (rcs-revision 1.9)
)
(/nfs/guille/a2/rh80apps/tex_live/tex_live-2017/texmf-dist/tex/generic/pgf/basi
clayer/pgfcorearrows.code.tex
File: pgfcorearrows.code.tex 2015/05/14  (rcs-revision 1.43)
\pgfarrowsep=\dimen162
)
(/nfs/guille/a2/rh80apps/tex_live/tex_live-2017/texmf-dist/tex/generic/pgf/basi
clayer/pgfcoreshade.code.tex
File: pgfcoreshade.code.tex 2013/07/15  (rcs-revision 1.15)
\pgf@max=\dimen163
\pgf@sys@shading@range@num=\count112
)
(/nfs/guille/a2/rh80apps/tex_live/tex_live-2017/texmf-dist/tex/generic/pgf/basi
clayer/pgfcoreimage.code.tex
File: pgfcoreimage.code.tex 2013/07/15  (rcs-revision 1.18)

(/nfs/guille/a2/rh80apps/tex_live/tex_live-2017/texmf-dist/tex/generic/pgf/basi
clayer/pgfcoreexternal.code.tex
File: pgfcoreexternal.code.tex 2014/07/09  (rcs-revision 1.21)
\pgfexternal@startupbox=\box39
))
(/nfs/guille/a2/rh80apps/tex_live/tex_live-2017/texmf-dist/tex/generic/pgf/basi
clayer/pgfcorelayers.code.tex
File: pgfcorelayers.code.tex 2013/07/18  (rcs-revision 1.7)
)
(/nfs/guille/a2/rh80apps/tex_live/tex_live-2017/texmf-dist/tex/generic/pgf/basi
clayer/pgfcoretransparency.code.tex
File: pgfcoretransparency.code.tex 2013/09/30  (rcs-revision 1.5)
)
(/nfs/guille/a2/rh80apps/tex_live/tex_live-2017/texmf-dist/tex/generic/pgf/basi
clayer/pgfcorepatterns.code.tex
File: pgfcorepatterns.code.tex 2013/11/07  (rcs-revision 1.5)
)))
(/nfs/guille/a2/rh80apps/tex_live/tex_live-2017/texmf-dist/tex/generic/pgf/modu
les/pgfmoduleshapes.code.tex
File: pgfmoduleshapes.code.tex 2014/03/21  (rcs-revision 1.35)
\pgfnodeparttextbox=\box40
)
(/nfs/guille/a2/rh80apps/tex_live/tex_live-2017/texmf-dist/tex/generic/pgf/modu
les/pgfmoduleplot.code.tex
File: pgfmoduleplot.code.tex 2015/08/03  (rcs-revision 1.13)
)
(/nfs/guille/a2/rh80apps/tex_live/tex_live-2017/texmf-dist/tex/latex/pgf/compat
ibility/pgfcomp-version-0-65.sty
Package: pgfcomp-version-0-65 2007/07/03 v3.0.1a (rcs-revision 1.7)
\pgf@nodesepstart=\dimen164
\pgf@nodesepend=\dimen165
)
(/nfs/guille/a2/rh80apps/tex_live/tex_live-2017/texmf-dist/tex/latex/pgf/compat
ibility/pgfcomp-version-1-18.sty
Package: pgfcomp-version-1-18 2007/07/23 v3.0.1a (rcs-revision 1.1)
))
(/nfs/guille/a2/rh80apps/tex_live/tex_live-2017/texmf-dist/tex/latex/pgf/utilit
ies/pgffor.sty
(/nfs/guille/a2/rh80apps/tex_live/tex_live-2017/texmf-dist/tex/latex/pgf/utilit
ies/pgfkeys.sty
(/nfs/guille/a2/rh80apps/tex_live/tex_live-2017/texmf-dist/tex/generic/pgf/util
ities/pgfkeys.code.tex))
(/nfs/guille/a2/rh80apps/tex_live/tex_live-2017/texmf-dist/tex/latex/pgf/math/p
gfmath.sty
(/nfs/guille/a2/rh80apps/tex_live/tex_live-2017/texmf-dist/tex/generic/pgf/math
/pgfmath.code.tex))
(/nfs/guille/a2/rh80apps/tex_live/tex_live-2017/texmf-dist/tex/generic/pgf/util
ities/pgffor.code.tex
Package: pgffor 2013/12/13 v3.0.1a (rcs-revision 1.25)

(/nfs/guille/a2/rh80apps/tex_live/tex_live-2017/texmf-dist/tex/generic/pgf/math
/pgfmath.code.tex)
\pgffor@iter=\dimen166
\pgffor@skip=\dimen167
\pgffor@stack=\toks29
\pgffor@toks=\toks30
))
(/nfs/guille/a2/rh80apps/tex_live/tex_live-2017/texmf-dist/tex/generic/pgf/fron
tendlayer/tikz/tikz.code.tex
Package: tikz 2015/08/07 v3.0.1a (rcs-revision 1.151)

(/nfs/guille/a2/rh80apps/tex_live/tex_live-2017/texmf-dist/tex/generic/pgf/libr
aries/pgflibraryplothandlers.code.tex
File: pgflibraryplothandlers.code.tex 2013/08/31 v3.0.1a (rcs-revision 1.20)
\pgf@plot@mark@count=\count113
\pgfplotmarksize=\dimen168
)
\tikz@lastx=\dimen169
\tikz@lasty=\dimen170
\tikz@lastxsaved=\dimen171
\tikz@lastysaved=\dimen172
\tikzleveldistance=\dimen173
\tikzsiblingdistance=\dimen174
\tikz@figbox=\box41
\tikz@figbox@bg=\box42
\tikz@tempbox=\box43
\tikz@tempbox@bg=\box44
\tikztreelevel=\count114
\tikznumberofchildren=\count115
\tikznumberofcurrentchild=\count116
\tikz@fig@count=\count117

(/nfs/guille/a2/rh80apps/tex_live/tex_live-2017/texmf-dist/tex/generic/pgf/modu
les/pgfmodulematrix.code.tex
File: pgfmodulematrix.code.tex 2013/09/17  (rcs-revision 1.8)
\pgfmatrixcurrentrow=\count118
\pgfmatrixcurrentcolumn=\count119
\pgf@matrix@numberofcolumns=\count120
)
\tikz@expandcount=\count121

(/nfs/guille/a2/rh80apps/tex_live/tex_live-2017/texmf-dist/tex/generic/pgf/fron
tendlayer/tikz/libraries/tikzlibrarytopaths.code.tex
File: tikzlibrarytopaths.code.tex 2008/06/17 v3.0.1a (rcs-revision 1.2)
)))
(/nfs/guille/a2/rh80apps/tex_live/tex_live-2017/texmf-dist/tex/generic/pgf/fron
tendlayer/tikz/libraries/tikzlibraryarrows.code.tex
File: tikzlibraryarrows.code.tex 2008/01/09 v3.0.1a (rcs-revision 1.1)

(/nfs/guille/a2/rh80apps/tex_live/tex_live-2017/texmf-dist/tex/generic/pgf/libr
aries/pgflibraryarrows.code.tex
File: pgflibraryarrows.code.tex 2013/09/23 v3.0.1a (rcs-revision 1.16)
\arrowsize=\dimen175
))
(/nfs/guille/a2/rh80apps/tex_live/tex_live-2017/texmf-dist/tex/generic/pgf/fron
tendlayer/tikz/libraries/tikzlibrarybackgrounds.code.tex
File: tikzlibrarybackgrounds.code.tex 2013/07/18 v3.0.1a (rcs-revision 1.3)
\pgf@layerbox@background=\box45
\pgf@layerboxsaved@background=\box46
)
(/nfs/guille/a2/rh80apps/tex_live/tex_live-2017/texmf-dist/tex/generic/pgf/fron
tendlayer/tikz/libraries/tikzlibrarycalc.code.tex
File: tikzlibrarycalc.code.tex 2013/07/15 v3.0.1a (rcs-revision 1.9)
)
(/nfs/guille/a2/rh80apps/tex_live/tex_live-2017/texmf-dist/tex/generic/pgf/fron
tendlayer/tikz/libraries/tikzlibrarypatterns.code.tex
File: tikzlibrarypatterns.code.tex 2008/01/15 v3.0.1a (rcs-revision 1.2)

(/nfs/guille/a2/rh80apps/tex_live/tex_live-2017/texmf-dist/tex/generic/pgf/libr
aries/pgflibrarypatterns.code.tex
File: pgflibrarypatterns.code.tex 2008/03/03 v3.0.1a (rcs-revision 1.13)
))
(/nfs/guille/a2/rh80apps/tex_live/tex_live-2017/texmf-dist/tex/generic/pgf/fron
tendlayer/tikz/libraries/tikzlibrarypositioning.code.tex
File: tikzlibrarypositioning.code.tex 2008/10/06 v3.0.1a (rcs-revision 1.7)
)
(/nfs/guille/a2/rh80apps/tex_live/tex_live-2017/texmf-dist/tex/generic/pgf/fron
tendlayer/tikz/libraries/tikzlibraryshapes.geometric.code.tex
File: tikzlibraryshapes.geometric.code.tex 2008/01/09 v3.0.1a (rcs-revision 1.1
)

(/nfs/guille/a2/rh80apps/tex_live/tex_live-2017/texmf-dist/tex/generic/pgf/libr
aries/shapes/pgflibraryshapes.geometric.code.tex
File: pgflibraryshapes.geometric.code.tex 2008/06/26 v3.0.1a (rcs-revision 1.1)

))
(/nfs/guille/a2/rh80apps/tex_live/tex_live-2017/texmf-dist/tex/latex/pgf/utilit
ies/pgfcalendar.sty
(/nfs/guille/a2/rh80apps/tex_live/tex_live-2017/texmf-dist/tex/generic/pgf/util
ities/pgfcalendar.code.tex
File: pgfcalendar.code.tex 2007/07/23 v3.0.1a (rcs-revision 1.11)
\pgfcalendarcurrentjulian=\count122
))
\gtt@currentline=\count123
\gtt@lasttitleline=\count124
\gtt@currgrid=\count125
\gtt@chartwidth=\count126
\gtt@lasttitleslot=\count127
\gtt@elementid=\count128
\gtt@today@slot=\count129
\gtt@startjulian=\count130
\gtt@endjulian=\count131
\gtt@chartid=\count132
\gtt@vrule@slot=\count133
\gtt@calendar@slots=\count134
\gtt@calendar@weeknumber=\count135
\gtt@calendar@startofweek=\count136
\gtt@left@slot=\count137
\gtt@right@slot=\count138
)
(/nfs/guille/a2/rh80apps/tex_live/tex_live-2017/texmf-dist/tex/latex/minted/min
ted.sty
Package: minted 2017/07/19 v2.5 Yet another Pygments shim for LaTeX

(/nfs/guille/a2/rh80apps/tex_live/tex_live-2017/texmf-dist/tex/latex/oberdiek/k
voptions.sty
Package: kvoptions 2016/05/16 v3.12 Key value format for package options (HO)

(/nfs/guille/a2/rh80apps/tex_live/tex_live-2017/texmf-dist/tex/generic/oberdiek
/kvsetkeys.sty
Package: kvsetkeys 2016/05/16 v1.17 Key value parser (HO)
))
(/nfs/guille/a2/rh80apps/tex_live/tex_live-2017/texmf-dist/tex/latex/fvextra/fv
extra.sty
Package: fvextra 2017/07/08 v1.3.1 fvextra - extensions and patches for fancyvr
b

(/nfs/guille/a2/rh80apps/tex_live/tex_live-2017/texmf-dist/tex/latex/base/ifthe
n.sty
Package: ifthen 2014/09/29 v1.1c Standard LaTeX ifthen package (DPC)
)
(/nfs/guille/a2/rh80apps/tex_live/tex_live-2017/texmf-dist/tex/latex/etoolbox/e
toolbox.sty
Package: etoolbox 2017/11/22 v2.5 e-TeX tools for LaTeX (JAW)
\etb@tempcnta=\count139
)
(/nfs/guille/a2/rh80apps/tex_live/tex_live-2017/texmf-dist/tex/latex/fancyvrb/f
ancyvrb.sty
Package: fancyvrb 2008/02/07

Style option: `fancyvrb' v2.7a, with DG/SPQR fixes, and firstline=lastline fix 
<2008/02/07> (tvz)
\FV@CodeLineNo=\count140
\FV@InFile=\read2
\FV@TabBox=\box47
\c@FancyVerbLine=\count141
\FV@StepNumber=\count142
\FV@OutFile=\write4
)
(/nfs/guille/a2/rh80apps/tex_live/tex_live-2017/texmf-dist/tex/latex/upquote/up
quote.sty
Package: upquote 2012/04/19 v1.3 upright-quote and grave-accent glyphs in verba
tim

(/nfs/guille/a2/rh80apps/tex_live/tex_live-2017/texmf-dist/tex/latex/base/textc
omp.sty
Package: textcomp 2017/04/05 v2.0i Standard LaTeX package
Package textcomp Info: Sub-encoding information:
(textcomp)               5 = only ISO-Adobe without \textcurrency
(textcomp)               4 = 5 + \texteuro
(textcomp)               3 = 4 + \textohm
(textcomp)               2 = 3 + \textestimated + \textcurrency
(textcomp)               1 = TS1 - \textcircled - \t
(textcomp)               0 = TS1 (full)
(textcomp)             Font families with sub-encoding setting implement
(textcomp)             only a restricted character set as indicated.
(textcomp)             Family '?' is the default used for unknown fonts.
(textcomp)             See the documentation for details.
Package textcomp Info: Setting ? sub-encoding to TS1/1 on input line 79.

(/nfs/guille/a2/rh80apps/tex_live/tex_live-2017/texmf-dist/tex/latex/base/ts1en
c.def
File: ts1enc.def 2001/06/05 v3.0e (jk/car/fm) Standard LaTeX file
)
LaTeX Info: Redefining \oldstylenums on input line 334.
Package textcomp Info: Setting cmr sub-encoding to TS1/0 on input line 349.
Package textcomp Info: Setting cmss sub-encoding to TS1/0 on input line 350.
Package textcomp Info: Setting cmtt sub-encoding to TS1/0 on input line 351.
Package textcomp Info: Setting cmvtt sub-encoding to TS1/0 on input line 352.
Package textcomp Info: Setting cmbr sub-encoding to TS1/0 on input line 353.
Package textcomp Info: Setting cmtl sub-encoding to TS1/0 on input line 354.
Package textcomp Info: Setting ccr sub-encoding to TS1/0 on input line 355.
Package textcomp Info: Setting ptm sub-encoding to TS1/4 on input line 356.
Package textcomp Info: Setting pcr sub-encoding to TS1/4 on input line 357.
Package textcomp Info: Setting phv sub-encoding to TS1/4 on input line 358.
Package textcomp Info: Setting ppl sub-encoding to TS1/3 on input line 359.
Package textcomp Info: Setting pag sub-encoding to TS1/4 on input line 360.
Package textcomp Info: Setting pbk sub-encoding to TS1/4 on input line 361.
Package textcomp Info: Setting pnc sub-encoding to TS1/4 on input line 362.
Package textcomp Info: Setting pzc sub-encoding to TS1/4 on input line 363.
Package textcomp Info: Setting bch sub-encoding to TS1/4 on input line 364.
Package textcomp Info: Setting put sub-encoding to TS1/5 on input line 365.
Package textcomp Info: Setting uag sub-encoding to TS1/5 on input line 366.
Package textcomp Info: Setting ugq sub-encoding to TS1/5 on input line 367.
Package textcomp Info: Setting ul8 sub-encoding to TS1/4 on input line 368.
Package textcomp Info: Setting ul9 sub-encoding to TS1/4 on input line 369.
Package textcomp Info: Setting augie sub-encoding to TS1/5 on input line 370.
Package textcomp Info: Setting dayrom sub-encoding to TS1/3 on input line 371.
Package textcomp Info: Setting dayroms sub-encoding to TS1/3 on input line 372.

Package textcomp Info: Setting pxr sub-encoding to TS1/0 on input line 373.
Package textcomp Info: Setting pxss sub-encoding to TS1/0 on input line 374.
Package textcomp Info: Setting pxtt sub-encoding to TS1/0 on input line 375.
Package textcomp Info: Setting txr sub-encoding to TS1/0 on input line 376.
Package textcomp Info: Setting txss sub-encoding to TS1/0 on input line 377.
Package textcomp Info: Setting txtt sub-encoding to TS1/0 on input line 378.
Package textcomp Info: Setting lmr sub-encoding to TS1/0 on input line 379.
Package textcomp Info: Setting lmdh sub-encoding to TS1/0 on input line 380.
Package textcomp Info: Setting lmss sub-encoding to TS1/0 on input line 381.
Package textcomp Info: Setting lmssq sub-encoding to TS1/0 on input line 382.
Package textcomp Info: Setting lmvtt sub-encoding to TS1/0 on input line 383.
Package textcomp Info: Setting lmtt sub-encoding to TS1/0 on input line 384.
Package textcomp Info: Setting qhv sub-encoding to TS1/0 on input line 385.
Package textcomp Info: Setting qag sub-encoding to TS1/0 on input line 386.
Package textcomp Info: Setting qbk sub-encoding to TS1/0 on input line 387.
Package textcomp Info: Setting qcr sub-encoding to TS1/0 on input line 388.
Package textcomp Info: Setting qcs sub-encoding to TS1/0 on input line 389.
Package textcomp Info: Setting qpl sub-encoding to TS1/0 on input line 390.
Package textcomp Info: Setting qtm sub-encoding to TS1/0 on input line 391.
Package textcomp Info: Setting qzc sub-encoding to TS1/0 on input line 392.
Package textcomp Info: Setting qhvc sub-encoding to TS1/0 on input line 393.
Package textcomp Info: Setting futs sub-encoding to TS1/4 on input line 394.
Package textcomp Info: Setting futx sub-encoding to TS1/4 on input line 395.
Package textcomp Info: Setting futj sub-encoding to TS1/4 on input line 396.
Package textcomp Info: Setting hlh sub-encoding to TS1/3 on input line 397.
Package textcomp Info: Setting hls sub-encoding to TS1/3 on input line 398.
Package textcomp Info: Setting hlst sub-encoding to TS1/3 on input line 399.
Package textcomp Info: Setting hlct sub-encoding to TS1/5 on input line 400.
Package textcomp Info: Setting hlx sub-encoding to TS1/5 on input line 401.
Package textcomp Info: Setting hlce sub-encoding to TS1/5 on input line 402.
Package textcomp Info: Setting hlcn sub-encoding to TS1/5 on input line 403.
Package textcomp Info: Setting hlcw sub-encoding to TS1/5 on input line 404.
Package textcomp Info: Setting hlcf sub-encoding to TS1/5 on input line 405.
Package textcomp Info: Setting pplx sub-encoding to TS1/3 on input line 406.
Package textcomp Info: Setting pplj sub-encoding to TS1/3 on input line 407.
Package textcomp Info: Setting ptmx sub-encoding to TS1/4 on input line 408.
Package textcomp Info: Setting ptmj sub-encoding to TS1/4 on input line 409.
))
(/nfs/guille/a2/rh80apps/tex_live/tex_live-2017/texmf-dist/tex/latex/lineno/lin
eno.sty
Package: lineno 2005/11/02 line numbers on paragraphs v4.41
\linenopenalty=\count143
\output=\toks31
\linenoprevgraf=\count144
\linenumbersep=\dimen176
\linenumberwidth=\dimen177
\c@linenumber=\count145
\c@pagewiselinenumber=\count146
\c@LN@truepage=\count147
\c@internallinenumber=\count148
\c@internallinenumbers=\count149
\quotelinenumbersep=\dimen178
\bframerule=\dimen179
\bframesep=\dimen180
\bframebox=\box48
LaTeX Info: Redefining \\ on input line 3056.
)
\c@FV@TrueTabGroupLevel=\count150
\c@FV@TrueTabCounter=\count151
\FV@TabBox@Group=\box49
\FV@TmpLength=\skip48
\c@FV@HighlightLinesStart=\count152
\c@FV@HighlightLinesStop=\count153
\FV@LoopCount=\count154
\FV@NCharsBox=\box50
\FV@BreakIndent=\dimen181
\FV@BreakIndentNChars=\count155
\FV@BreakSymbolSepLeft=\dimen182
\FV@BreakSymbolSepLeftNChars=\count156
\FV@BreakSymbolSepRight=\dimen183
\FV@BreakSymbolSepRightNChars=\count157
\FV@BreakSymbolIndentLeft=\dimen184
\FV@BreakSymbolIndentLeftNChars=\count158
\FV@BreakSymbolIndentRight=\dimen185
\FV@BreakSymbolIndentRightNChars=\count159
\c@FancyVerbLineBreakLast=\count160
\FV@LineBox=\box51
\FV@LineIndentBox=\box52
)
(/nfs/guille/a2/rh80apps/tex_live/tex_live-2017/texmf-dist/tex/latex/tools/calc
.sty
Package: calc 2014/10/28 v4.3 Infix arithmetic (KKT,FJ)
\calc@Acount=\count161
\calc@Bcount=\count162
\calc@Adimen=\dimen186
\calc@Bdimen=\dimen187
\calc@Askip=\skip49
\calc@Bskip=\skip50
LaTeX Info: Redefining \setlength on input line 80.
LaTeX Info: Redefining \addtolength on input line 81.
\calc@Ccount=\count163
\calc@Cskip=\skip51
)
(/nfs/guille/a2/rh80apps/tex_live/tex_live-2017/texmf-dist/tex/generic/xstring/
xstring.sty
(/nfs/guille/a2/rh80apps/tex_live/tex_live-2017/texmf-dist/tex/generic/xstring/
xstring.tex
\@xs@message=\write5
\integerpart=\count164
\decimalpart=\count165
)
Package: xstring 2013/10/13  v1.7c  String manipulations (C Tellechea)
)
(/nfs/guille/a2/rh80apps/tex_live/tex_live-2017/texmf-dist/tex/latex/framed/fra
med.sty
Package: framed 2011/10/22 v 0.96: framed or shaded text with page breaks
\OuterFrameSep=\skip52
\fb@frw=\dimen188
\fb@frh=\dimen189
\FrameRule=\dimen190
\FrameSep=\dimen191
)
\minted@appexistsfile=\read3
\minted@bgbox=\box53
\minted@code=\write6
\c@minted@FancyVerbLineTemp=\count166
\c@minted@pygmentizecounter=\count167
\@float@every@listing=\toks32
\c@listing=\count168
)
runsystem(mkdir -p _minted-FinalReport)...executed.


(/nfs/guille/a2/rh80apps/tex_live/tex_live-2017/texmf-dist/tex/latex/geometry/g
eometry.sty
Package: geometry 2010/09/12 v5.6 Page Geometry

(/nfs/guille/a2/rh80apps/tex_live/tex_live-2017/texmf-dist/tex/generic/oberdiek
/ifvtex.sty
Package: ifvtex 2016/05/16 v1.6 Detect VTeX and its facilities (HO)
Package ifvtex Info: VTeX not detected.
)
\Gm@cnth=\count169
\Gm@cntv=\count170
\c@Gm@tempcnt=\count171
\Gm@bindingoffset=\dimen192
\Gm@wd@mp=\dimen193
\Gm@odd@mp=\dimen194
\Gm@even@mp=\dimen195
\Gm@layoutwidth=\dimen196
\Gm@layoutheight=\dimen197
\Gm@layouthoffset=\dimen198
\Gm@layoutvoffset=\dimen199
\Gm@dimlist=\toks33
)
(/nfs/guille/a2/rh80apps/tex_live/tex_live-2017/texmf-dist/tex/latex/cite/cite.
sty
LaTeX Info: Redefining \cite on input line 302.
LaTeX Info: Redefining \nocite on input line 332.
Package: cite 2015/02/27  v 5.5
)
(/nfs/guille/a2/rh80apps/tex_live/tex_live-2017/texmf-dist/tex/latex/multibib/m
ultibib.sty
Package: multibib 2008/12/10 v1.4 Multiple bibliographies for one document.
\mb@biblabelwidth=\count172
)
(/nfs/guille/a2/rh80apps/tex_live/tex_live-2017/texmf-dist/tex/latex/makecell/m
akecell.sty
Package: makecell 2009/08/03 V0.1e Managing of Tab Column Heads and Cells

(/nfs/guille/a2/rh80apps/tex_live/tex_live-2017/texmf-dist/tex/latex/tools/arra
y.sty
Package: array 2016/10/06 v2.4d Tabular extension package (FMi)
\col@sep=\dimen256
\extrarowheight=\dimen257
\NC@list=\toks34
\extratabsurround=\skip53
\backup@length=\skip54
)
\rotheadsize=\dimen258
\c@nlinenum=\count173
\TeXr@lab=\toks35
)
(/nfs/guille/a2/rh80apps/tex_live/tex_live-2017/texmf-dist/tex/latex/titlesec/t
itlesec.sty
Package: titlesec 2016/03/21 v2.10.2 Sectioning titles
\ttl@box=\box54
\beforetitleunit=\skip55
\aftertitleunit=\skip56
\ttl@plus=\dimen259
\ttl@minus=\dimen260
\ttl@toksa=\toks36
\titlewidth=\dimen261
\titlewidthlast=\dimen262
\titlewidthfirst=\dimen263


Package titlesec Warning: Non standard sectioning command detected
(titlesec)                Using default spacing and no format.

)
(/nfs/guille/a2/rh80apps/tex_live/tex_live-2017/texmf-dist/tex/latex/hyperref/h
yperref.sty
Package: hyperref 2017/03/14 v6.85a Hypertext links for LaTeX

(/nfs/guille/a2/rh80apps/tex_live/tex_live-2017/texmf-dist/tex/generic/oberdiek
/hobsub-hyperref.sty
Package: hobsub-hyperref 2016/05/16 v1.14 Bundle oberdiek, subset hyperref (HO)


(/nfs/guille/a2/rh80apps/tex_live/tex_live-2017/texmf-dist/tex/generic/oberdiek
/hobsub-generic.sty
Package: hobsub-generic 2016/05/16 v1.14 Bundle oberdiek, subset generic (HO)
Package: hobsub 2016/05/16 v1.14 Construct package bundles (HO)
Package hobsub Info: Skipping package `infwarerr' (already loaded).
Package hobsub Info: Skipping package `ltxcmds' (already loaded).
Package hobsub Info: Skipping package `ifluatex' (already loaded).
Package hobsub Info: Skipping package `ifvtex' (already loaded).
Package: intcalc 2016/05/16 v1.2 Expandable calculations with integers (HO)
Package hobsub Info: Skipping package `ifpdf' (already loaded).
Package hobsub Info: Skipping package `etexcmds' (already loaded).
Package hobsub Info: Skipping package `kvsetkeys' (already loaded).
Package: kvdefinekeys 2016/05/16 v1.4 Define keys (HO)
Package hobsub Info: Skipping package `pdftexcmds' (already loaded).
Package: pdfescape 2016/05/16 v1.14 Implements pdfTeX's escape features (HO)
Package: bigintcalc 2016/05/16 v1.4 Expandable calculations on big integers (HO
)
Package: bitset 2016/05/16 v1.2 Handle bit-vector datatype (HO)
Package: uniquecounter 2016/05/16 v1.3 Provide unlimited unique counter (HO)
)
Package hobsub Info: Skipping package `hobsub' (already loaded).
Package: letltxmacro 2016/05/16 v1.5 Let assignment for LaTeX macros (HO)
Package: hopatch 2016/05/16 v1.3 Wrapper for package hooks (HO)
Package: xcolor-patch 2016/05/16 xcolor patch
Package: atveryend 2016/05/16 v1.9 Hooks at the very end of document (HO)
Package: atbegshi 2016/06/09 v1.18 At begin shipout hook (HO)
Package: refcount 2016/05/16 v3.5 Data extraction from label references (HO)
Package: hycolor 2016/05/16 v1.8 Color options for hyperref/bookmark (HO)
)
(/nfs/guille/a2/rh80apps/tex_live/tex_live-2017/texmf-dist/tex/latex/oberdiek/a
uxhook.sty
Package: auxhook 2016/05/16 v1.4 Hooks for auxiliary files (HO)
)
\@linkdim=\dimen264
\Hy@linkcounter=\count174
\Hy@pagecounter=\count175

(/nfs/guille/a2/rh80apps/tex_live/tex_live-2017/texmf-dist/tex/latex/hyperref/p
d1enc.def
File: pd1enc.def 2017/03/14 v6.85a Hyperref: PDFDocEncoding definition (HO)
)
\Hy@SavedSpaceFactor=\count176

(/nfs/guille/a2/rh80apps/tex_live/tex_live-2017/texmf-dist/tex/latex/latexconfi
g/hyperref.cfg
File: hyperref.cfg 2002/06/06 v1.2 hyperref configuration of TeXLive
)
Package hyperref Info: Hyper figures OFF on input line 4498.
Package hyperref Info: Link nesting OFF on input line 4503.
Package hyperref Info: Hyper index ON on input line 4506.
Package hyperref Info: Plain pages OFF on input line 4513.
Package hyperref Info: Backreferencing OFF on input line 4518.
Package hyperref Info: Implicit mode ON; LaTeX internals redefined.
Package hyperref Info: Bookmarks ON on input line 4751.
\c@Hy@tempcnt=\count177
LaTeX Info: Redefining \url on input line 5104.
\XeTeXLinkMargin=\dimen265
\Fld@menulength=\count178
\Field@Width=\dimen266
\Fld@charsize=\dimen267
Package hyperref Info: Hyper figures OFF on input line 6358.
Package hyperref Info: Link nesting OFF on input line 6363.
Package hyperref Info: Hyper index ON on input line 6366.
Package hyperref Info: backreferencing OFF on input line 6373.
Package hyperref Info: Link coloring OFF on input line 6378.
Package hyperref Info: Link coloring with OCG OFF on input line 6383.
Package hyperref Info: PDF/A mode OFF on input line 6388.
LaTeX Info: Redefining \ref on input line 6428.
LaTeX Info: Redefining \pageref on input line 6432.
\Hy@abspage=\count179
\c@Item=\count180
\c@Hfootnote=\count181
)

Package hyperref Message: Driver (default): hdvips.


(/nfs/guille/a2/rh80apps/tex_live/tex_live-2017/texmf-dist/tex/latex/hyperref/h
dvips.def
File: hdvips.def 2017/03/14 v6.85a Hyperref driver for dvips

(/nfs/guille/a2/rh80apps/tex_live/tex_live-2017/texmf-dist/tex/latex/hyperref/p
dfmark.def
File: pdfmark.def 2017/03/14 v6.85a Hyperref definitions for pdfmark specials
\pdf@docset=\toks37
\pdf@box=\box55
\pdf@toks=\toks38
\pdf@defaulttoks=\toks39
\HyField@AnnotCount=\count182
\Fld@listcount=\count183
\c@bookmark@seq@number=\count184

(/nfs/guille/a2/rh80apps/tex_live/tex_live-2017/texmf-dist/tex/latex/oberdiek/r
erunfilecheck.sty
Package: rerunfilecheck 2016/05/16 v1.8 Rerun checks for auxiliary files (HO)
Package uniquecounter Info: New unique counter `rerunfilecheck' on input line 2
82.
)
\Hy@SectionHShift=\skip57
))
\c@threesection=\count185
\c@foursection=\count186
runsystem(which pygmentize && touch FinalReport.aex)...executed.

runsystem(rm FinalReport.aex)...executed.

 (./FinalReport.aux)
\openout1 = `FinalReport.aux'.

LaTeX Font Info:    Checking defaults for OML/cmm/m/it on input line 100.
LaTeX Font Info:    ... okay on input line 100.
LaTeX Font Info:    Checking defaults for T1/cmr/m/n on input line 100.
LaTeX Font Info:    ... okay on input line 100.
LaTeX Font Info:    Checking defaults for OT1/cmr/m/n on input line 100.
LaTeX Font Info:    ... okay on input line 100.
LaTeX Font Info:    Checking defaults for OMS/cmsy/m/n on input line 100.
LaTeX Font Info:    ... okay on input line 100.
LaTeX Font Info:    Checking defaults for OMX/cmex/m/n on input line 100.
LaTeX Font Info:    ... okay on input line 100.
LaTeX Font Info:    Checking defaults for U/cmr/m/n on input line 100.
LaTeX Font Info:    ... okay on input line 100.
LaTeX Font Info:    Checking defaults for TS1/cmr/m/n on input line 100.
LaTeX Font Info:    Try loading font information for TS1+cmr on input line 100.


(/nfs/guille/a2/rh80apps/tex_live/tex_live-2017/texmf-dist/tex/latex/base/ts1cm
r.fd
File: ts1cmr.fd 2014/09/29 v2.5h Standard LaTeX font definitions
)
LaTeX Font Info:    ... okay on input line 100.
LaTeX Font Info:    Checking defaults for PD1/pdf/m/n on input line 100.
LaTeX Font Info:    ... okay on input line 100.

-- Lines per column: 39 (approximate, difference = 14.73578pt).
ABD: EveryShipout initializing macros
*geometry* driver: auto-detecting
*geometry* detected driver: dvips
*geometry* verbose mode - [ preamble ] result:
* driver: dvips
* paper: <default>
* layout: <same size as paper>
* layoutoffset:(h,v)=(0.0pt,0.0pt)
* modes: 
* h-part:(L,W,R)=(54.2025pt, 505.89pt, 54.2025pt)
* v-part:(T,H,B)=(43.362pt, 686.56499pt, 65.043pt)
* \paperwidth=614.295pt
* \paperheight=794.96999pt
* \textwidth=505.89pt
* \textheight=686.56499pt
* \oddsidemargin=-18.06749pt
* \evensidemargin=-18.06749pt
* \topmargin=-47.60587pt
* \headheight=12.0pt
* \headsep=6.69788pt
* \topskip=11.58327pt
* \footskip=19.1765pt
* \marginparwidth=20.0pt
* \marginparsep=10.0pt
* \columnsep=12.045pt
* \skip\footins=15.63728pt plus 6.94984pt minus 3.47491pt
* \hoffset=0.0pt
* \voffset=0.0pt
* \mag=1000
* \@twocolumnfalse
* \@twosidefalse
* \@mparswitchfalse
* \@reversemarginfalse
* (1in=72.27pt=25.4mm, 1cm=28.453pt)

\AtBeginShipoutBox=\box56
Package hyperref Info: Link coloring OFF on input line 100.

(/nfs/guille/a2/rh80apps/tex_live/tex_live-2017/texmf-dist/tex/latex/hyperref/n
ameref.sty
Package: nameref 2016/05/21 v2.44 Cross-referencing by name of section

(/nfs/guille/a2/rh80apps/tex_live/tex_live-2017/texmf-dist/tex/generic/oberdiek
/gettitlestring.sty
Package: gettitlestring 2016/05/16 v1.5 Cleanup title references (HO)
)
\c@section@level=\count187
)
LaTeX Info: Redefining \ref on input line 100.
LaTeX Info: Redefining \pageref on input line 100.
LaTeX Info: Redefining \nameref on input line 100.
 (./FinalReport.out) (./FinalReport.out)
\@outlinefile=\write7
\openout7 = `FinalReport.out'.

File: coe_v_spot1.eps Graphic file (type eps)

<coe_v_spot1.eps>
LaTeX Font Info:    Font shape `OT1/ppl/bx/sc' in size <20.075> not available
(Font)              Font shape `OT1/ppl/b/sc' tried instead on input line 114.
LaTeX Font Info:    Font shape `OT1/ppl/bx/sc' in size <24.09> not available
(Font)              Font shape `OT1/ppl/b/sc' tried instead on input line 114.
LaTeX Font Info:    Try loading font information for OT1+phv on input line 133.


(/nfs/guille/a2/rh80apps/tex_live/tex_live-2017/texmf-dist/tex/latex/psnfss/ot1
phv.fd
File: ot1phv.fd 2001/06/04 scalable font definitions for OT1/phv.
)
LaTeX Font Info:    Font shape `OT1/phv/bx/n' in size <8.03> not available
(Font)              Font shape `OT1/phv/b/n' tried instead on input line 133.
 [1]
LaTeX Font Info:    Font shape `OT1/phv/bx/n' in size <11.04124> not available
(Font)              Font shape `OT1/phv/b/n' tried instead on input line 141.
LaTeX Font Info:    Font shape `OT1/phv/bx/sc' in size <11.04124> not available

(Font)              Font shape `OT1/phv/b/sc' tried instead on input line 141.
 (./FinalReport.toc
LaTeX Font Info:    Calculating math sizes for size <9.53561> on input line 3.
LaTeX Font Info:    External font `cmex10' loaded for size
(Font)              <9.53561> on input line 3.
LaTeX Font Info:    External font `cmex10' loaded for size
(Font)              <6.6749> on input line 3.
LaTeX Font Info:    External font `cmex10' loaded for size
(Font)              <4.7678> on input line 3.
 [1] [2] [3] [4] [5])
\tf@toc=\write8
\openout8 = `FinalReport.toc'.

 [6] [7

]
LaTeX Font Info:    Font shape `OT1/phv/bx/n' in size <9.53561> not available
(Font)              Font shape `OT1/phv/b/n' tried instead on input line 162.
LaTeX Font Info:    Font shape `OT1/phv/m/it' in size <9.53561> not available
(Font)              Font shape `OT1/phv/m/sl' tried instead on input line 164.
Missing character: There is no â in font pplr7t!
Missing character: There is no € in font pplr7t!
Missing character: There is no ˜ in font pplr7t!
Missing character: There is no â in font pplr7t!
Missing character: There is no € in font pplr7t!
Missing character: There is no ™ in font pplr7t!
Missing character: There is no â in font pplr7t!
Missing character: There is no € in font pplr7t!
Missing character: There is no ™ in font pplr7t!
Missing character: There is no â in font pplr7t!
Missing character: There is no € in font pplr7t!
Missing character: There is no ™ in font pplr7t!
Missing character: There is no â in font pplr7t!
Missing character: There is no € in font pplr7t!
Missing character: There is no ™ in font pplr7t!

Underfull \vbox (badness 10000) detected at line 196
 []

[8] [9] [10]
Missing character: There is no â in font pplr7t!
Missing character: There is no € in font pplr7t!
Missing character: There is no ™ in font pplr7t!
 [11] [12]
Missing character: There is no â in font pplr7t!
Missing character: There is no € in font pplr7t!
Missing character: There is no ™ in font pplr7t!
 [13]
Missing character: There is no â in font pplr7t!
Missing character: There is no „ in font pplr7t!
Missing character: There is no ¢ in font pplr7t!
LaTeX Font Info:    Try loading font information for TS1+ppl on input line 403.


(/nfs/guille/a2/rh80apps/tex_live/tex_live-2017/texmf-dist/tex/latex/psnfss/ts1
ppl.fd
File: ts1ppl.fd 2001/06/04 font definitions for TS1/ppl.
)

Package hyperref Warning: Difference (2) between bookmark levels is greater 
(hyperref)                than one, level fixed on input line 407.

[14] [15]
Missing character: There is no â in font pplr7t!
Missing character: There is no € in font pplr7t!
Missing character: There is no ™ in font pplr7t!
Missing character: There is no â in font pplr7t!
Missing character: There is no € in font pplr7t!
Missing character: There is no ™ in font pplr7t!
Missing character: There is no â in font pplr7t!
Missing character: There is no € in font pplr7t!
Missing character: There is no ™ in font pplr7t!

Underfull \vbox (badness 10000) detected at line 504
 []

[16]
Missing character: There is no â in font pplr7t!
Missing character: There is no € in font pplr7t!
Missing character: There is no ™ in font pplr7t!
 [17]
Missing character: There is no â in font pplr7t!
Missing character: There is no € in font pplr7t!
Missing character: There is no ™ in font pplr7t!
Missing character: There is no â in font pplr7t!
Missing character: There is no € in font pplr7t!
Missing character: There is no ™ in font pplr7t!
 [18]
Underfull \hbox (badness 10000) in paragraph at lines 556--557

 []

File: nodeLayout.eps Graphic file (type eps)
<nodeLayout.eps> [19]
Underfull \hbox (badness 10000) in paragraph at lines 578--580

 []

File: HeapBufferElement.eps Graphic file (type eps)
<HeapBufferElement.eps> [20] [21]
Missing character: There is no â in font pplr7t!
Missing character: There is no € in font pplr7t!
Missing character: There is no ™ in font pplr7t!
Missing character: There is no â in font pplr7t!
Missing character: There is no € in font pplr7t!
Missing character: There is no ™ in font pplr7t!
 [22]
Missing character: There is no â in font pplr7t!
Missing character: There is no € in font pplr7t!
Missing character: There is no ™ in font pplr7t!
Missing character: There is no â in font pplr7t!
Missing character: There is no € in font pplr7t!
Missing character: There is no ™ in font pplr7t!
Missing character: There is no â in font pplr7t!
Missing character: There is no € in font pplr7t!
Missing character: There is no ™ in font pplr7t!
Missing character: There is no â in font pplr7t!
Missing character: There is no € in font pplr7t!
Missing character: There is no ™ in font pplr7t!

Underfull \hbox (badness 10000) in paragraph at lines 651--656

 []

File: TailSwap.eps Graphic file (type eps)
<TailSwap.eps> [23] [24]
Missing character: There is no â in font pplr7t!
Missing character: There is no € in font pplr7t!
Missing character: There is no ˜ in font pplr7t!
Missing character: There is no â in font pplr7t!
Missing character: There is no € in font pplr7t!
Missing character: There is no ™ in font pplr7t!
Missing character: There is no â in font pplr7t!
Missing character: There is no € in font pplr7t!
Missing character: There is no ˜ in font pplr7t!
Missing character: There is no â in font pplr7t!
Missing character: There is no € in font pplr7t!
Missing character: There is no ™ in font pplr7t!
Missing character: There is no â in font pplr7t!
Missing character: There is no € in font pplr7t!
Missing character: There is no ˜ in font pplr7t!
Missing character: There is no â in font pplr7t!
Missing character: There is no € in font pplr7t!
Missing character: There is no ™ in font pplr7t!
Missing character: There is no â in font pplr7t!
Missing character: There is no € in font pplr7t!
Missing character: There is no ˜ in font pplr7t!
Missing character: There is no â in font pplr7t!
Missing character: There is no € in font pplr7t!
Missing character: There is no ™ in font pplr7t!
 [25]
File: UIDiagram.eps Graphic file (type eps)
 <UIDiagram.eps> [26]
Missing character: There is no â in font pplr7t!
Missing character: There is no € in font pplr7t!
Missing character: There is no ™ in font pplr7t!
Missing character: There is no â in font pplr7t!
Missing character: There is no € in font pplr7t!
Missing character: There is no ™ in font pplr7t!
Missing character: There is no â in font pplr7t!
Missing character: There is no € in font pplr7t!
Missing character: There is no ™ in font pplr7t!
 [27]
Missing character: There is no â in font pplr7t!
Missing character: There is no € in font pplr7t!
Missing character: There is no ™ in font pplr7t!
Missing character: There is no â in font pplr7t!
Missing character: There is no € in font pplr7t!
Missing character: There is no ˜ in font pplr7t!
Missing character: There is no â in font pplr7t!
Missing character: There is no € in font pplr7t!
Missing character: There is no ™ in font pplr7t!
Missing character: There is no â in font pplr7t!
Missing character: There is no € in font pplr7t!
Missing character: There is no ™ in font pplr7t!
File: Interchange.eps Graphic file (type eps)
 <Interchange.eps>
[28] [29]
Missing character: There is no â in font pplr7t!
Missing character: There is no € in font pplr7t!
Missing character: There is no ™ in font pplr7t!
 [30]
Missing character: There is no â in font pplr7t!
Missing character: There is no € in font pplr7t!
Missing character: There is no ˜ in font pplr7t!
Missing character: There is no â in font pplr7t!
Missing character: There is no € in font pplr7t!
Missing character: There is no ™ in font pplr7t!
Missing character: There is no â in font pplr7t!
Missing character: There is no € in font pplr7t!
Missing character: There is no ™ in font pplr7t!
 [31]
Missing character: There is no â in font pplr7t!
Missing character: There is no € in font pplr7t!
Missing character: There is no ™ in font pplr7t!
 [32]
Missing character: There is no â in font pplr7t!
Missing character: There is no € in font pplr7t!
Missing character: There is no ™ in font pplr7t!
Missing character: There is no â in font pplr7t!
Missing character: There is no € in font pplr7t!
Missing character: There is no ™ in font pplr7t!
Missing character: There is no â in font pplr7t!
Missing character: There is no € in font pplr7t!
Missing character: There is no ™ in font pplr7t!
Missing character: There is no â in font pplr7t!
Missing character: There is no € in font pplr7t!
Missing character: There is no ™ in font pplr7t!
Missing character: There is no â in font pplr7t!
Missing character: There is no € in font pplr7t!
Missing character: There is no ™ in font pplr7t!
 [33]
Missing character: There is no â in font pplr7t!
Missing character: There is no € in font pplr7t!
Missing character: There is no ™ in font pplr7t!
Missing character: There is no â in font pplr7t!
Missing character: There is no € in font pplr7t!
Missing character: There is no ™ in font pplr7t!
 [34]
Missing character: There is no â in font pplr7t!
Missing character: There is no € in font pplr7t!
Missing character: There is no ™ in font pplr7t!
 [35] [36] [37] [38] [39]
Underfull \hbox (badness 10000) in paragraph at lines 1022--1025

 []


Underfull \hbox (badness 10000) in paragraph at lines 1022--1025

 []


Underfull \hbox (badness 10000) in paragraph at lines 1026--1028

 []


Underfull \hbox (badness 10000) in paragraph at lines 1026--1028

 []


Underfull \hbox (badness 10000) in paragraph at lines 1030--1032

 []


Underfull \hbox (badness 10000) in paragraph at lines 1030--1032

 []


Underfull \hbox (badness 10000) in paragraph at lines 1034--1036

 []


Underfull \hbox (badness 10000) in paragraph at lines 1034--1036

 []


Underfull \hbox (badness 10000) in paragraph at lines 1037--1039

 []


Underfull \hbox (badness 10000) in paragraph at lines 1040--1042

 []


Underfull \hbox (badness 10000) in paragraph at lines 1040--1042

 []


Underfull \hbox (badness 10000) in paragraph at lines 1043--1045

 []

[40]

Package hyperref Warning: Token not allowed in a PDF string (PDFDocEncoding):
(hyperref)                removing `math shift' on input line 1064.


Package hyperref Warning: Token not allowed in a PDF string (PDFDocEncoding):
(hyperref)                removing `math shift' on input line 1064.

[41] [42] [43] [44] [45] [46] [47] [48]
Missing character: There is no â in font pplr7t!
Missing character: There is no € in font pplr7t!
Missing character: There is no œ in font pplr7t!
Missing character: There is no â in font pplr7t!
Missing character: There is no € in font pplr7t!
Missing character: There is no  in font pplr7t!
 [49] [50] [51]
Overfull \hbox (1.33308pt too wide) in paragraph at lines 1340--1340
[]|\OT1/ppl/m/n/5.01874 Term/Week| 
 []


Underfull \hbox (badness 1389) in paragraph at lines 1521--1524
\OT1/ppl/m/n/5.01874 Complete fi-nal draft of re-quire-ments
 []


Underfull \vbox (badness 10000) detected at line 1546
 []


Underfull \hbox (badness 2269) in paragraph at lines 1599--1601
[]|\OT1/ppl/m/n/5.01874 Complete Tech-nol-ogy Re-view Rough
 []


Underfull \hbox (badness 10000) in paragraph at lines 1642--1643
[]|\OT1/ppl/m/n/5.01874 None, ex-cept per-haps de-lay from
 []


Underfull \hbox (badness 3701) in paragraph at lines 1710--1714
\OT1/ppl/m/n/5.01874 Arrange weekly meet-ing time with
 []

[52]
Underfull \hbox (badness 10000) in paragraph at lines 2116--2118
\OT1/ppl/m/n/5.01874 Performed some de-bug-
 []


Underfull \hbox (badness 3354) in paragraph at lines 2116--2118
\OT1/ppl/m/n/5.01874 ging/optimization work on the ray
 []


Underfull \hbox (badness 1789) in paragraph at lines 2121--2123
[]|\OT1/ppl/m/n/5.01874 Touched base with Dr. Win-ters and
 []


Underfull \hbox (badness 2608) in paragraph at lines 2154--2158
\OT1/ppl/m/n/5.01874 Made progress with im-prov-ing Ray
 []


Underfull \hbox (badness 2608) in paragraph at lines 2161--2164
\OT1/ppl/m/n/5.01874 Made progress with im-prov-ing Ray
 []


Underfull \hbox (badness 4132) in paragraph at lines 2229--2232
[]|\OT1/ppl/m/n/5.01874 Make a scene scal-ing func-tion for
 []


Underfull \hbox (badness 2343) in paragraph at lines 2239--2241
[]|\OT1/ppl/m/n/5.01874 Through co-op-er-a-tion with Chis and
 []


Underfull \hbox (badness 2343) in paragraph at lines 2244--2246
[]|\OT1/ppl/m/n/5.01874 Through co-op-er-a-tion with Chis and
 []


Underfull \hbox (badness 4132) in paragraph at lines 2268--2271
[]|\OT1/ppl/m/n/5.01874 Make a scene scal-ing func-tion for
 []


Underfull \hbox (badness 2343) in paragraph at lines 2278--2280
[]|\OT1/ppl/m/n/5.01874 Through co-op-er-a-tion with Chis and
 []


Underfull \hbox (badness 2343) in paragraph at lines 2283--2285
[]|\OT1/ppl/m/n/5.01874 Through co-op-er-a-tion with Chis and
 []

[53]
Underfull \hbox (badness 1584) in paragraph at lines 2456--2457
[]|\OT1/ppl/m/n/5.01874 Busyness with dead week and fi-nal
 []

[54]
File: CapstonePoster.eps Graphic file (type eps)
 <CapstonePoster.eps> [55] [56]
Overfull \vbox (10.75394pt too high) has occurred while \output is active []


[57]
Missing character: There is no â in font pplr7t!
Missing character: There is no € in font pplr7t!
Missing character: There is no ™ in font pplr7t!

Overfull \hbox (28.69612pt too wide) in paragraph at lines 2509--2510
[]\OT1/ppl/m/n/9.53561 Install the de-vel-op-ment pro-gram for the Unity Game E
n-gine (ver-sion 2017 or later), avail-able at [][][][]
 []


Overfull \hbox (8.49554pt too wide) in paragraph at lines 2510--2511
[]\OT1/ppl/m/n/9.53561 Install git. A tu-to-rial on in-stal-la-tion is avail-ab
le at [][][][] 
 []


Overfull \hbox (144.68103pt too wide) in paragraph at lines 2512--2513
[]\OT1/ppl/m/n/9.53561 Perform the fol-low-ing com-mand (re-plac-ing $\OML/cmm/
m/it/10 <$\OT1/ppl/m/n/9.53561 dir$\OML/cmm/m/it/10 >$ \OT1/ppl/m/n/9.53561 wit
h the true path of the cho-sen di-rec-tory): \OT1/ppl/b/n/9.53561 git clone htt
ps://github.com/braxtoncuneo/Capstone-
 []

Missing character: There is no â in font pplr7t!
Missing character: There is no € in font pplr7t!
Missing character: There is no œ in font pplr7t!
Missing character: There is no â in font pplr7t!
Missing character: There is no € in font pplr7t!
Missing character: There is no  in font pplr7t!
[58]
Overfull \hbox (8.49554pt too wide) in paragraph at lines 2520--2521
[]\OT1/ppl/m/n/9.53561 Install git. A tu-to-rial on in-stal-la-tion is avail-ab
le at [][][][] 
 []


Overfull \hbox (144.68103pt too wide) in paragraph at lines 2522--2523
[]\OT1/ppl/m/n/9.53561 Perform the fol-low-ing com-mand (re-plac-ing $\OML/cmm/
m/it/10 <$\OT1/ppl/m/n/9.53561 dir$\OML/cmm/m/it/10 >$ \OT1/ppl/m/n/9.53561 wit
h the true path of the cho-sen di-rec-tory): \OT1/ppl/b/n/9.53561 git clone htt
ps://github.com/braxtoncuneo/Capstone-
 []

Missing character: There is no â in font pplr7t!
Missing character: There is no € in font pplr7t!
Missing character: There is no œ in font pplr7t!
Missing character: There is no â in font pplr7t!
Missing character: There is no € in font pplr7t!
Missing character: There is no  in font pplr7t!
Missing character: There is no â in font pplr7t!
Missing character: There is no € in font pplr7t!
Missing character: There is no œ in font pplr7t!
Missing character: There is no â in font pplr7t!
Missing character: There is no € in font pplr7t!
Missing character: There is no  in font pplr7t!

Overfull \hbox (7.8037pt too wide) in paragraph at lines 2523--2524
\OT1/ppl/m/n/9.53561 ReleaseBuilds. As of this writ-ing, the one and only ex-e-
cutable in this di-rec-tory should be Version-0.1-Executable.exe. 
 []

[59]
Overfull \hbox (51.44554pt too wide) in paragraph at lines 2579--2580
[]\OT1/ppl/m/n/9.53561 Unity Tu-to-ri-als, par-tic-u-larly their XR tu-to-ri-al
s, if one is un-fa-mil-iar with VR de-vel-op-ment [][][][] 
 []

Missing character: There is no â in font pplr7t!
Missing character: There is no € in font pplr7t!
Missing character: There is no ™ in font pplr7t!
[60] [61]
Missing character: There is no â in font pplr7t!
Missing character: There is no € in font pplr7t!
Missing character: There is no ™ in font pplr7t!
 (./FinalReport.bbl
LaTeX Font Info:    Calculating math sizes for size <8.03> on input line 25.
LaTeX Font Info:    External font `cmex10' loaded for size
(Font)              <8.03> on input line 25.
LaTeX Font Info:    External font `cmex10' loaded for size
(Font)              <5.62097> on input line 25.
LaTeX Font Info:    External font `cmex10' loaded for size
(Font)              <4.015> on input line 25.
 [62]
** WARNING: IEEEtran.bst: No hyphenation pattern has been
** loaded for the language `eng'. Using the pattern for
** the default language instead.
** WARNING: IEEEtran.bst: No hyphenation pattern has been
** loaded for the language `eng'. Using the pattern for
** the default language instead.
** WARNING: IEEEtran.bst: No hyphenation pattern has been
** loaded for the language `eng'. Using the pattern for
** the default language instead.
** WARNING: IEEEtran.bst: No hyphenation pattern has been
** loaded for the language `eng'. Using the pattern for
** the default language instead.
)
** WARNING: Ignoring useless \section in Appendix (line 2671).
** WARNING: Ignoring useless \section in Appendix (line 2673).
[63]
Package atveryend Info: Empty hook `BeforeClearDocument' on input line 2676.
Package atveryend Info: Empty hook `AfterLastShipout' on input line 2676.
 (./FinalReport.aux)
Package atveryend Info: Empty hook `AtVeryEndDocument' on input line 2676.
Package atveryend Info: Executing hook `AtEndAfterFileList' on input line 2676.

Package rerunfilecheck Info: File `FinalReport.out' has not changed.
(rerunfilecheck)             Checksum: 9BB0DEB71A9DD040C327C0ACCE58BA69;16273.
 ) 
Here is how much of TeX's memory you used:
 23235 strings out of 492981
 470479 string characters out of 6121826
 685973 words of memory out of 5000000
 26399 multiletter control sequences out of 15000+600000
 31971 words of font info for 80 fonts, out of 8000000 for 9000
 1141 hyphenation exceptions out of 8191
 73i,7n,69p,1310b,697s stack positions out of 5000i,500n,10000p,200000b,80000s

Output written on FinalReport.dvi (64 pages, 502772 bytes).
