\BOOKMARK [1][-]{section.1}{Introduction}{}% 1
\BOOKMARK [2][-]{subsection.1.1}{Purpose}{section.1}% 2
\BOOKMARK [2][-]{subsection.1.2}{Scope}{section.1}% 3
\BOOKMARK [2][-]{subsection.1.3}{Intended Audience}{section.1}% 4
\BOOKMARK [1][-]{section.2}{Glossary}{}% 5
\BOOKMARK [2][-]{subsection.2.1}{References}{section.2}% 6
\BOOKMARK [1][-]{section.3}{Stakeholders}{}% 7
\BOOKMARK [2][-]{subsection.3.1}{Dr. Mike Bailey}{section.3}% 8
\BOOKMARK [2][-]{subsection.3.2}{Dr. Kirsten Winters}{section.3}% 9
\BOOKMARK [2][-]{subsection.3.3}{Intel}{section.3}% 10
\BOOKMARK [2][-]{subsection.3.4}{Development Team}{section.3}% 11
\BOOKMARK [1][-]{section.4}{Design Views}{}% 12
\BOOKMARK [2][-]{subsection.4.1}{Components of the User Interface}{section.4}% 13
\BOOKMARK [2][-]{subsection.4.2}{Block Tools}{section.4}% 14
\BOOKMARK [3][-]{subsubsection.4.2.1}{The Creation Tool}{subsection.4.2}% 15
\BOOKMARK [3][-]{subsubsection.4.2.2}{The Deletion Tool}{subsection.4.2}% 16
\BOOKMARK [3][-]{subsubsection.4.2.3}{The Mapping Tool}{subsection.4.2}% 17
\BOOKMARK [3][-]{subsubsection.4.2.4}{The Selection Tool}{subsection.4.2}% 18
\BOOKMARK [3][-]{subsubsection.4.2.5}{The Hide/Unhide Tool}{subsection.4.2}% 19
\BOOKMARK [3][-]{subsubsection.4.2.6}{The Save Tool}{subsection.4.2}% 20
\BOOKMARK [2][-]{subsection.4.3}{Voxel Tools}{section.4}% 21
\BOOKMARK [3][-]{subsubsection.4.3.1}{Basic Tools}{subsection.4.3}% 22
\BOOKMARK [3][-]{subsubsection.4.3.2}{Adjacency Tools}{subsection.4.3}% 23
\BOOKMARK [3][-]{subsubsection.4.3.3}{Fill Tools}{subsection.4.3}% 24
\BOOKMARK [2][-]{subsection.4.4}{Block Types}{section.4}% 25
\BOOKMARK [3][-]{subsubsection.4.4.1}{Standard Blocks}{subsection.4.4}% 26
\BOOKMARK [3][-]{subsubsection.4.4.2}{Copy on Write \(COW\) Blocks}{subsection.4.4}% 27
\BOOKMARK [3][-]{subsubsection.4.4.3}{Canon Blocks}{subsection.4.4}% 28
\BOOKMARK [3][-]{subsubsection.4.4.4}{Hidden Blocks}{subsection.4.4}% 29
\BOOKMARK [3][-]{subsubsection.4.4.5}{The Selected Block and Focus Block}{subsection.4.4}% 30
\BOOKMARK [3][-]{subsubsection.4.4.6}{The Root Block}{subsection.4.4}% 31
\BOOKMARK [2][-]{subsection.4.5}{Components of the Voxel State}{section.4}% 32
\BOOKMARK [3][-]{subsubsection.4.5.1}{Nodes and their Usage}{subsection.4.5}% 33
\BOOKMARK [4][-]{threesection.4.5.1.1}{Overview}{subsubsection.4.5.1}% 34
\BOOKMARK [4][-]{threesection.4.5.1.2}{Nodes as Voxels}{subsubsection.4.5.1}% 35
\BOOKMARK [5][-]{foursection.4.5.1.2.1}{Meta Usage}{threesection.4.5.1.2}% 36
\BOOKMARK [5][-]{foursection.4.5.1.2.2}{Attribute Usage}{threesection.4.5.1.2}% 37
\BOOKMARK [5][-]{foursection.4.5.1.2.3}{Surface Usage}{threesection.4.5.1.2}% 38
\BOOKMARK [5][-]{foursection.4.5.1.2.4}{Face Lighting Index Usage}{threesection.4.5.1.2}% 39
\BOOKMARK [5][-]{foursection.4.5.1.2.5}{Child Usage}{threesection.4.5.1.2}% 40
\BOOKMARK [5][-]{foursection.4.5.1.2.6}{Mapping List Usage}{threesection.4.5.1.2}% 41
\BOOKMARK [4][-]{threesection.4.5.1.3}{Nodes as Face Lighting}{subsubsection.4.5.1}% 42
\BOOKMARK [4][-]{threesection.4.5.1.4}{Nodes as Transformation Matrices}{subsubsection.4.5.1}% 43
\BOOKMARK [4][-]{threesection.4.5.1.5}{Nodes as Tasks}{subsubsection.4.5.1}% 44
\BOOKMARK [3][-]{subsubsection.4.5.2}{The Data Buffer}{subsection.4.5}% 45
\BOOKMARK [3][-]{subsubsection.4.5.3}{The Block Buffer}{subsection.4.5}% 46
\BOOKMARK [3][-]{subsubsection.4.5.4}{The Heap Buffer}{subsection.4.5}% 47
\BOOKMARK [3][-]{subsubsection.4.5.5}{The Task Buffer}{subsection.4.5}% 48
\BOOKMARK [3][-]{subsubsection.4.5.6}{The Exchange Buffer}{subsection.4.5}% 49
\BOOKMARK [2][-]{subsection.4.6}{Components of the Graphics Engine \(Yggdrasil\)}{section.4}% 50
\BOOKMARK [2][-]{subsection.4.7}{Tasks}{section.4}% 51
\BOOKMARK [2][-]{subsection.4.8}{Traversal and Task Ordering}{section.4}% 52
\BOOKMARK [2][-]{subsection.4.9}{Tracing}{section.4}% 53
\BOOKMARK [3][-]{subsubsection.4.9.1}{Hits}{subsection.4.9}% 54
\BOOKMARK [3][-]{subsubsection.4.9.2}{SVO Traversal}{subsection.4.9}% 55
\BOOKMARK [3][-]{subsubsection.4.9.3}{Mapped Blocks}{subsection.4.9}% 56
\BOOKMARK [2][-]{subsection.4.10}{The Programs of Yggdrasil}{section.4}% 57
\BOOKMARK [3][-]{subsubsection.4.10.1}{The Memory Manager}{subsection.4.10}% 58
\BOOKMARK [4][-]{threesection.4.10.1.1}{Parameters}{subsubsection.4.10.1}% 59
\BOOKMARK [4][-]{threesection.4.10.1.2}{Operation}{subsubsection.4.10.1}% 60
\BOOKMARK [4][-]{threesection.4.10.1.3}{Usage}{subsubsection.4.10.1}% 61
\BOOKMARK [3][-]{subsubsection.4.10.2}{The Tree Manager}{subsection.4.10}% 62
\BOOKMARK [4][-]{threesection.4.10.2.1}{Overview}{subsubsection.4.10.2}% 63
\BOOKMARK [4][-]{threesection.4.10.2.2}{Parameters}{subsubsection.4.10.2}% 64
\BOOKMARK [4][-]{threesection.4.10.2.3}{Operation}{subsubsection.4.10.2}% 65
\BOOKMARK [4][-]{threesection.4.10.2.4}{Usage}{subsubsection.4.10.2}% 66
\BOOKMARK [2][-]{subsection.4.11}{The Tool Classes}{section.4}% 67
\BOOKMARK [3][-]{subsubsection.4.11.1}{Standard Parameters}{subsection.4.11}% 68
\BOOKMARK [4][-]{threesection.4.11.1.1}{The Basic Voxel Tool}{subsubsection.4.11.1}% 69
\BOOKMARK [5][-]{foursection.4.11.1.1.1}{Parameters}{threesection.4.11.1.1}% 70
\BOOKMARK [5][-]{foursection.4.11.1.1.2}{Operation}{threesection.4.11.1.1}% 71
\BOOKMARK [4][-]{threesection.4.11.1.2}{The Adjacency Voxel Tool}{subsubsection.4.11.1}% 72
\BOOKMARK [5][-]{foursection.4.11.1.2.1}{Parameters}{threesection.4.11.1.2}% 73
\BOOKMARK [5][-]{foursection.4.11.1.2.2}{Operation}{threesection.4.11.1.2}% 74
\BOOKMARK [4][-]{threesection.4.11.1.3}{The Fill Voxel Tool}{subsubsection.4.11.1}% 75
\BOOKMARK [5][-]{foursection.4.11.1.3.1}{Parameters}{threesection.4.11.1.3}% 76
\BOOKMARK [5][-]{foursection.4.11.1.3.2}{Operation}{threesection.4.11.1.3}% 77
\BOOKMARK [4][-]{threesection.4.11.1.4}{The Block Mapping Program}{subsubsection.4.11.1}% 78
\BOOKMARK [5][-]{foursection.4.11.1.4.1}{Parameters}{threesection.4.11.1.4}% 79
\BOOKMARK [5][-]{foursection.4.11.1.4.2}{Operation}{threesection.4.11.1.4}% 80
\BOOKMARK [5][-]{foursection.4.11.1.4.3}{Usage}{threesection.4.11.1.4}% 81
\BOOKMARK [4][-]{threesection.4.11.1.5}{The Block Creation Program}{subsubsection.4.11.1}% 82
\BOOKMARK [5][-]{foursection.4.11.1.5.1}{Parameters}{threesection.4.11.1.5}% 83
\BOOKMARK [5][-]{foursection.4.11.1.5.2}{Operation}{threesection.4.11.1.5}% 84
\BOOKMARK [5][-]{foursection.4.11.1.5.3}{Usage}{threesection.4.11.1.5}% 85
\BOOKMARK [4][-]{threesection.4.11.1.6}{The Block Deletion Program}{subsubsection.4.11.1}% 86
\BOOKMARK [5][-]{foursection.4.11.1.6.1}{Parameters}{threesection.4.11.1.6}% 87
\BOOKMARK [5][-]{foursection.4.11.1.6.2}{Operation}{threesection.4.11.1.6}% 88
\BOOKMARK [5][-]{foursection.4.11.1.6.3}{Usage}{threesection.4.11.1.6}% 89
\BOOKMARK [2][-]{subsection.4.12}{Tracers}{section.4}% 90
\BOOKMARK [3][-]{subsubsection.4.12.1}{Standard Parameters}{subsection.4.12}% 91
\BOOKMARK [3][-]{subsubsection.4.12.2}{Simple Tracer}{subsection.4.12}% 92
\BOOKMARK [4][-]{threesection.4.12.2.1}{Parameters}{subsubsection.4.12.2}% 93
\BOOKMARK [4][-]{threesection.4.12.2.2}{Operation}{subsubsection.4.12.2}% 94
\BOOKMARK [4][-]{threesection.4.12.2.3}{Usage}{subsubsection.4.12.2}% 95
\BOOKMARK [3][-]{subsubsection.4.12.3}{Full Forward Tracer}{subsection.4.12}% 96
\BOOKMARK [4][-]{threesection.4.12.3.1}{Parameters}{subsubsection.4.12.3}% 97
\BOOKMARK [4][-]{threesection.4.12.3.2}{Operation}{subsubsection.4.12.3}% 98
\BOOKMARK [4][-]{threesection.4.12.3.3}{Usage}{subsubsection.4.12.3}% 99
\BOOKMARK [2][-]{subsection.4.13}{Interactions between the Hardware and the Interchange}{section.4}% 100
\BOOKMARK [3][-]{subsubsection.4.13.1}{Design Entities}{subsection.4.13}% 101
\BOOKMARK [3][-]{subsubsection.4.13.2}{Design}{subsection.4.13}% 102
\BOOKMARK [2][-]{subsection.4.14}{Architecture of the User Interface}{section.4}% 103
\BOOKMARK [3][-]{subsubsection.4.14.1}{Design Entities}{subsection.4.14}% 104
\BOOKMARK [3][-]{subsubsection.4.14.2}{Design}{subsection.4.14}% 105
\BOOKMARK [2][-]{subsection.4.15}{Architecture of the Interchange}{section.4}% 106
\BOOKMARK [3][-]{subsubsection.4.15.1}{Design Entities}{subsection.4.15}% 107
\BOOKMARK [3][-]{subsubsection.4.15.2}{Design}{subsection.4.15}% 108
